# JRE version: OpenJDK Runtime Environment (17.0.7) (build 17.0.7+0-b2043.56-10550314)
# Java VM: OpenJDK 64-Bit Server VM (17.0.7+0-b2043.56-10550314, mixed mode, tiered, compressed oops, compressed class ptrs, g1 gc, windows-amd64)
GC Precious Log:
 CPUs: 20 total, 20 available
 Memory: 16003M
 Large Page Support: Disabled
 NUMA Support: Disabled
 Compressed Oops: Enabled (32-bit)
 Heap Region Size: 1M
 Heap Min Capacity: 8M
 Heap Initial Capacity: 252M
 Heap Max Capacity: 2G
 Pre-touch: Disabled
 Parallel Workers: 15
 Concurrent Workers: 4
 Concurrent Refinement Workers: 15
 Periodic GC: Disabled
Heap:
 garbage-first heap   total 266240K, used 184907K [0x0000000080000000, 0x0000000100000000)
  region size 1024K, 34 young (34816K), 5 survivors (5120K)
 Metaspace       used 123723K, committed 124608K, reserved 1179648K
  class space    used 17501K, committed 17920K, reserved 1048576K
GC Heap History (20 events):
Event: 8.010 GC heap before
{Heap before GC invocations=49 (full 0):
 garbage-first heap   total 198656K, used 160017K [0x0000000080000000, 0x0000000100000000)
  region size 1024K, 55 young (56320K), 2 survivors (2048K)
 Metaspace       used 99277K, committed 100032K, reserved 1179648K
  class space    used 13893K, committed 14272K, reserved 1048576K
}
Event: 8.013 GC heap after
{Heap after GC invocations=50 (full 0):
 garbage-first heap   total 198656K, used 110991K [0x0000000080000000, 0x0000000100000000)
  region size 1024K, 6 young (6144K), 6 survivors (6144K)
 Metaspace       used 99277K, committed 100032K, reserved 1179648K
  class space    used 13893K, committed 14272K, reserved 1048576K
}
Event: 8.326 GC heap before
{Heap before GC invocations=51 (full 0):
 garbage-first heap   total 198656K, used 161167K [0x0000000080000000, 0x0000000100000000)
  region size 1024K, 56 young (57344K), 6 survivors (6144K)
 Metaspace       used 99813K, committed 100544K, reserved 1179648K
  class space    used 13935K, committed 14272K, reserved 1048576K
}
Event: 8.328 GC heap after
{Heap after GC invocations=52 (full 0):
 garbage-first heap   total 198656K, used 114486K [0x0000000080000000, 0x0000000100000000)
  region size 1024K, 6 young (6144K), 6 survivors (6144K)
 Metaspace       used 99813K, committed 100544K, reserved 1179648K
  class space    used 13935K, committed 14272K, reserved 1048576K
}
Event: 8.334 GC heap before
{Heap before GC invocations=52 (full 0):
 garbage-first heap   total 198656K, used 117558K [0x0000000080000000, 0x0000000100000000)
  region size 1024K, 9 young (9216K), 6 survivors (6144K)
 Metaspace       used 99820K, committed 100544K, reserved 1179648K
  class space    used 13935K, committed 14272K, reserved 1048576K
}
Event: 8.337 GC heap after
{Heap after GC invocations=53 (full 0):
 garbage-first heap   total 198656K, used 114129K [0x0000000080000000, 0x0000000100000000)
  region size 1024K, 2 young (2048K), 2 survivors (2048K)
 Metaspace       used 99820K, committed 100544K, reserved 1179648K
  class space    used 13935K, committed 14272K, reserved 1048576K
}
Event: 8.700 GC heap before
{Heap before GC invocations=53 (full 0):
 garbage-first heap   total 198656K, used 161233K [0x0000000080000000, 0x0000000100000000)
  region size 1024K, 49 young (50176K), 2 survivors (2048K)
 Metaspace       used 102816K, committed 103552K, reserved 1179648K
  class space    used 14303K, committed 14656K, reserved 1048576K
}
Event: 8.702 GC heap after
{Heap after GC invocations=54 (full 0):
 garbage-first heap   total 198656K, used 118396K [0x0000000080000000, 0x0000000100000000)
  region size 1024K, 6 young (6144K), 6 survivors (6144K)
 Metaspace       used 102816K, committed 103552K, reserved 1179648K
  class space    used 14303K, committed 14656K, reserved 1048576K
}
Event: 15.333 GC heap before
{Heap before GC invocations=54 (full 0):
 garbage-first heap   total 198656K, used 161404K [0x0000000080000000, 0x0000000100000000)
  region size 1024K, 49 young (50176K), 6 survivors (6144K)
 Metaspace       used 104644K, committed 105472K, reserved 1179648K
  class space    used 14579K, committed 14976K, reserved 1048576K
}
Event: 15.337 GC heap after
{Heap after GC invocations=55 (full 0):
 garbage-first heap   total 198656K, used 121212K [0x0000000080000000, 0x0000000100000000)
  region size 1024K, 4 young (4096K), 4 survivors (4096K)
 Metaspace       used 104644K, committed 105472K, reserved 1179648K
  class space    used 14579K, committed 14976K, reserved 1048576K
}
Event: 15.396 GC heap before
{Heap before GC invocations=55 (full 0):
 garbage-first heap   total 198656K, used 133500K [0x0000000080000000, 0x0000000100000000)
  region size 1024K, 16 young (16384K), 4 survivors (4096K)
 Metaspace       used 104788K, committed 105536K, reserved 1179648K
  class space    used 14596K, committed 14976K, reserved 1048576K
}
Event: 15.399 GC heap after
{Heap after GC invocations=56 (full 0):
 garbage-first heap   total 198656K, used 124428K [0x0000000080000000, 0x0000000100000000)
  region size 1024K, 2 young (2048K), 2 survivors (2048K)
 Metaspace       used 104788K, committed 105536K, reserved 1179648K
  class space    used 14596K, committed 14976K, reserved 1048576K
}
Event: 15.854 GC heap before
{Heap before GC invocations=57 (full 0):
 garbage-first heap   total 219136K, used 166412K [0x0000000080000000, 0x0000000100000000)
  region size 1024K, 41 young (41984K), 2 survivors (2048K)
 Metaspace       used 109865K, committed 110656K, reserved 1179648K
  class space    used 15258K, committed 15680K, reserved 1048576K
}
Event: 15.857 GC heap after
{Heap after GC invocations=58 (full 0):
 garbage-first heap   total 219136K, used 123381K [0x0000000080000000, 0x0000000100000000)
  region size 1024K, 3 young (3072K), 3 survivors (3072K)
 Metaspace       used 109865K, committed 110656K, reserved 1179648K
  class space    used 15258K, committed 15680K, reserved 1048576K
}
Event: 15.892 GC heap before
{Heap before GC invocations=58 (full 0):
 garbage-first heap   total 219136K, used 130549K [0x0000000080000000, 0x0000000100000000)
  region size 1024K, 10 young (10240K), 3 survivors (3072K)
 Metaspace       used 110904K, committed 111680K, reserved 1179648K
  class space    used 15408K, committed 15808K, reserved 1048576K
}
Event: 15.895 GC heap after
{Heap after GC invocations=59 (full 0):
 garbage-first heap   total 219136K, used 122045K [0x0000000080000000, 0x0000000100000000)
  region size 1024K, 1 young (1024K), 1 survivors (1024K)
 Metaspace       used 110904K, committed 111680K, reserved 1179648K
  class space    used 15408K, committed 15808K, reserved 1048576K
}
Event: 16.315 GC heap before
{Heap before GC invocations=59 (full 0):
 garbage-first heap   total 219136K, used 182461K [0x0000000080000000, 0x0000000100000000)
  region size 1024K, 61 young (62464K), 1 survivors (1024K)
 Metaspace       used 119382K, committed 120256K, reserved 1179648K
  class space    used 16760K, committed 17216K, reserved 1048576K
}
Event: 16.318 GC heap after
{Heap after GC invocations=60 (full 0):
 garbage-first heap   total 219136K, used 123551K [0x0000000080000000, 0x0000000100000000)
  region size 1024K, 2 young (2048K), 2 survivors (2048K)
 Metaspace       used 119382K, committed 120256K, reserved 1179648K
  class space    used 16760K, committed 17216K, reserved 1048576K
}
Event: 16.699 GC heap before
{Heap before GC invocations=60 (full 0):
 garbage-first heap   total 219136K, used 161439K [0x0000000080000000, 0x0000000100000000)
  region size 1024K, 37 young (37888K), 2 survivors (2048K)
 Metaspace       used 122747K, committed 123648K, reserved 1179648K
  class space    used 17338K, committed 17792K, reserved 1048576K
}
Event: 16.703 GC heap after
{Heap after GC invocations=61 (full 0):
 garbage-first heap   total 219136K, used 130635K [0x0000000080000000, 0x0000000100000000)
  region size 1024K, 5 young (5120K), 5 survivors (5120K)
 Metaspace       used 122747K, committed 123648K, reserved 1179648K
  class space    used 17338K, committed 17792K, reserved 1048576K
}

