# JRE version: OpenJDK Runtime Environment (17.0.7) (build 17.0.7+0-b2043.56-10550314)
# Java VM: OpenJDK 64-Bit Server VM (17.0.7+0-b2043.56-10550314, mixed mode, tiered, compressed oops, compressed class ptrs, g1 gc, windows-amd64)
GC Precious Log:
 CPUs: 20 total, 20 available
 Memory: 16003M
 Large Page Support: Disabled
 NUMA Support: Disabled
 Compressed Oops: Enabled (32-bit)
 Heap Region Size: 1M
 Heap Min Capacity: 8M
 Heap Initial Capacity: 252M
 Heap Max Capacity: 2G
 Pre-touch: Disabled
 Parallel Workers: 15
 Concurrent Workers: 4
 Concurrent Refinement Workers: 15
 Periodic GC: Disabled
Heap:
 garbage-first heap   total 133120K, used 69134K [0x0000000080000000, 0x0000000100000000)
  region size 1024K, 2 young (2048K), 2 survivors (2048K)
 Metaspace       used 70038K, committed 70656K, reserved 1114112K
  class space    used 9377K, committed 9664K, reserved 1048576K
GC Heap History (20 events):
Event: 3.502 GC heap after
{Heap after GC invocations=17 (full 0):
 garbage-first heap   total 101376K, used 50769K [0x0000000080000000, 0x0000000100000000)
  region size 1024K, 3 young (3072K), 3 survivors (3072K)
 Metaspace       used 54672K, committed 55232K, reserved 1114112K
  class space    used 7318K, committed 7616K, reserved 1048576K
}
Event: 3.527 GC heap before
{Heap before GC invocations=18 (full 0):
 garbage-first heap   total 101376K, used 58961K [0x0000000080000000, 0x0000000100000000)
  region size 1024K, 8 young (8192K), 3 survivors (3072K)
 Metaspace       used 54683K, committed 55232K, reserved 1114112K
  class space    used 7320K, committed 7616K, reserved 1048576K
}
Event: 3.529 GC heap after
{Heap after GC invocations=19 (full 0):
 garbage-first heap   total 101376K, used 57668K [0x0000000080000000, 0x0000000100000000)
  region size 1024K, 4 young (4096K), 4 survivors (4096K)
 Metaspace       used 54683K, committed 55232K, reserved 1114112K
  class space    used 7320K, committed 7616K, reserved 1048576K
}
Event: 3.612 GC heap before
{Heap before GC invocations=20 (full 0):
 garbage-first heap   total 102400K, used 74052K [0x0000000080000000, 0x0000000100000000)
  region size 1024K, 19 young (19456K), 4 survivors (4096K)
 Metaspace       used 55845K, committed 56384K, reserved 1114112K
  class space    used 7475K, committed 7744K, reserved 1048576K
}
Event: 3.613 GC heap after
{Heap after GC invocations=21 (full 0):
 garbage-first heap   total 102400K, used 61325K [0x0000000080000000, 0x0000000100000000)
  region size 1024K, 2 young (2048K), 2 survivors (2048K)
 Metaspace       used 55845K, committed 56384K, reserved 1114112K
  class space    used 7475K, committed 7744K, reserved 1048576K
}
Event: 3.628 GC heap before
{Heap before GC invocations=21 (full 0):
 garbage-first heap   total 102400K, used 63373K [0x0000000080000000, 0x0000000100000000)
  region size 1024K, 5 young (5120K), 2 survivors (2048K)
 Metaspace       used 56106K, committed 56704K, reserved 1114112K
  class space    used 7508K, committed 7808K, reserved 1048576K
}
Event: 3.629 GC heap after
{Heap after GC invocations=22 (full 0):
 garbage-first heap   total 102400K, used 60951K [0x0000000080000000, 0x0000000100000000)
  region size 1024K, 1 young (1024K), 1 survivors (1024K)
 Metaspace       used 56106K, committed 56704K, reserved 1114112K
  class space    used 7508K, committed 7808K, reserved 1048576K
}
Event: 3.738 GC heap before
{Heap before GC invocations=22 (full 0):
 garbage-first heap   total 102400K, used 76311K [0x0000000080000000, 0x0000000100000000)
  region size 1024K, 16 young (16384K), 1 survivors (1024K)
 Metaspace       used 57536K, committed 58112K, reserved 1114112K
  class space    used 7727K, committed 8000K, reserved 1048576K
}
Event: 3.740 GC heap after
{Heap after GC invocations=23 (full 0):
 garbage-first heap   total 133120K, used 61307K [0x0000000080000000, 0x0000000100000000)
  region size 1024K, 1 young (1024K), 1 survivors (1024K)
 Metaspace       used 57536K, committed 58112K, reserved 1114112K
  class space    used 7727K, committed 8000K, reserved 1048576K
}
Event: 3.944 GC heap before
{Heap before GC invocations=24 (full 0):
 garbage-first heap   total 133120K, used 93051K [0x0000000080000000, 0x0000000100000000)
  region size 1024K, 32 young (32768K), 1 survivors (1024K)
 Metaspace       used 61014K, committed 61568K, reserved 1114112K
  class space    used 8140K, committed 8384K, reserved 1048576K
}
Event: 3.946 GC heap after
{Heap after GC invocations=25 (full 0):
 garbage-first heap   total 133120K, used 62119K [0x0000000080000000, 0x0000000100000000)
  region size 1024K, 2 young (2048K), 2 survivors (2048K)
 Metaspace       used 61014K, committed 61568K, reserved 1114112K
  class space    used 8140K, committed 8384K, reserved 1048576K
}
Event: 3.990 GC heap before
{Heap before GC invocations=25 (full 0):
 garbage-first heap   total 133120K, used 65191K [0x0000000080000000, 0x0000000100000000)
  region size 1024K, 6 young (6144K), 2 survivors (2048K)
 Metaspace       used 61353K, committed 61952K, reserved 1114112K
  class space    used 8177K, committed 8448K, reserved 1048576K
}
Event: 3.992 GC heap after
{Heap after GC invocations=26 (full 0):
 garbage-first heap   total 133120K, used 62344K [0x0000000080000000, 0x0000000100000000)
  region size 1024K, 1 young (1024K), 1 survivors (1024K)
 Metaspace       used 61353K, committed 61952K, reserved 1114112K
  class space    used 8177K, committed 8448K, reserved 1048576K
}
Event: 4.232 GC heap before
{Heap before GC invocations=26 (full 0):
 garbage-first heap   total 133120K, used 85896K [0x0000000080000000, 0x0000000100000000)
  region size 1024K, 25 young (25600K), 1 survivors (1024K)
 Metaspace       used 65503K, committed 66112K, reserved 1114112K
  class space    used 8748K, committed 9024K, reserved 1048576K
}
Event: 4.233 GC heap after
{Heap after GC invocations=27 (full 0):
 garbage-first heap   total 133120K, used 64487K [0x0000000080000000, 0x0000000100000000)
  region size 1024K, 3 young (3072K), 3 survivors (3072K)
 Metaspace       used 65503K, committed 66112K, reserved 1114112K
  class space    used 8748K, committed 9024K, reserved 1048576K
}
Event: 4.417 GC heap before
{Heap before GC invocations=28 (full 0):
 garbage-first heap   total 133120K, used 105447K [0x0000000080000000, 0x0000000100000000)
  region size 1024K, 37 young (37888K), 3 survivors (3072K)
 Metaspace       used 67360K, committed 67968K, reserved 1114112K
  class space    used 8998K, committed 9280K, reserved 1048576K
}
Event: 4.419 GC heap after
{Heap after GC invocations=29 (full 0):
 garbage-first heap   total 133120K, used 67684K [0x0000000080000000, 0x0000000100000000)
  region size 1024K, 5 young (5120K), 5 survivors (5120K)
 Metaspace       used 67360K, committed 67968K, reserved 1114112K
  class space    used 8998K, committed 9280K, reserved 1048576K
}
Event: 4.424 GC heap before
{Heap before GC invocations=29 (full 0):
 garbage-first heap   total 133120K, used 68708K [0x0000000080000000, 0x0000000100000000)
  region size 1024K, 6 young (6144K), 5 survivors (5120K)
 Metaspace       used 67423K, committed 68096K, reserved 1114112K
  class space    used 9008K, committed 9344K, reserved 1048576K
}
Event: 4.426 GC heap after
{Heap after GC invocations=30 (full 0):
 garbage-first heap   total 133120K, used 67953K [0x0000000080000000, 0x0000000100000000)
  region size 1024K, 1 young (1024K), 1 survivors (1024K)
 Metaspace       used 67423K, committed 68096K, reserved 1114112K
  class space    used 9008K, committed 9344K, reserved 1048576K
}
Event: 4.628 GC heap before
{Heap before GC invocations=30 (full 0):
 garbage-first heap   total 133120K, used 101745K [0x0000000080000000, 0x0000000100000000)
  region size 1024K, 34 young (34816K), 1 survivors (1024K)
 Metaspace       used 70038K, committed 70656K, reserved 1114112K
  class space    used 9377K, committed 9664K, reserved 1048576K
}

