# JRE version: OpenJDK Runtime Environment (17.0.7) (build 17.0.7+0-b2043.56-10550314)
# Java VM: OpenJDK 64-Bit Server VM (17.0.7+0-b2043.56-10550314, mixed mode, tiered, compressed oops, compressed class ptrs, g1 gc, windows-amd64)
GC Precious Log:
 CPUs: 20 total, 20 available
 Memory: 16003M
 Large Page Support: Disabled
 NUMA Support: Disabled
 Compressed Oops: Enabled (32-bit)
 Heap Region Size: 1M
 Heap Min Capacity: 8M
 Heap Initial Capacity: 252M
 Heap Max Capacity: 2G
 Pre-touch: Disabled
 Parallel Workers: 15
 Concurrent Workers: 4
 Concurrent Refinement Workers: 15
 Periodic GC: Disabled
Heap:
 garbage-first heap   total 169984K, used 70688K [0x0000000080000000, 0x0000000100000000)
  region size 1024K, 12 young (12288K), 1 survivors (1024K)
 Metaspace       used 61047K, committed 61632K, reserved 1114112K
  class space    used 8141K, committed 8384K, reserved 1048576K
GC Heap History (20 events):
Event: 3.443 GC heap before
{Heap before GC invocations=13 (full 0):
 garbage-first heap   total 84992K, used 66205K [0x0000000080000000, 0x0000000100000000)
  region size 1024K, 36 young (36864K), 4 survivors (4096K)
 Metaspace       used 54515K, committed 55040K, reserved 1114112K
  class space    used 7307K, committed 7552K, reserved 1048576K
}
Event: 3.446 GC heap after
{Heap after GC invocations=14 (full 0):
 garbage-first heap   total 84992K, used 38841K [0x0000000080000000, 0x0000000100000000)
  region size 1024K, 5 young (5120K), 5 survivors (5120K)
 Metaspace       used 54515K, committed 55040K, reserved 1114112K
  class space    used 7307K, committed 7552K, reserved 1048576K
}
Event: 3.471 GC heap before
{Heap before GC invocations=14 (full 0):
 garbage-first heap   total 84992K, used 47033K [0x0000000080000000, 0x0000000100000000)
  region size 1024K, 10 young (10240K), 5 survivors (5120K)
 Metaspace       used 54572K, committed 55168K, reserved 1114112K
  class space    used 7311K, committed 7616K, reserved 1048576K
}
Event: 3.473 GC heap after
{Heap after GC invocations=15 (full 0):
 garbage-first heap   total 84992K, used 45301K [0x0000000080000000, 0x0000000100000000)
  region size 1024K, 3 young (3072K), 3 survivors (3072K)
 Metaspace       used 54572K, committed 55168K, reserved 1114112K
  class space    used 7311K, committed 7616K, reserved 1048576K
}
Event: 3.487 GC heap before
{Heap before GC invocations=16 (full 0):
 garbage-first heap   total 84992K, used 48373K [0x0000000080000000, 0x0000000100000000)
  region size 1024K, 5 young (5120K), 3 survivors (3072K)
 Metaspace       used 54642K, committed 55232K, reserved 1114112K
  class space    used 7320K, committed 7616K, reserved 1048576K
}
Event: 3.488 GC heap after
{Heap after GC invocations=17 (full 0):
 garbage-first heap   total 84992K, used 46971K [0x0000000080000000, 0x0000000100000000)
  region size 1024K, 2 young (2048K), 2 survivors (2048K)
 Metaspace       used 54642K, committed 55232K, reserved 1114112K
  class space    used 7320K, committed 7616K, reserved 1048576K
}
Event: 3.509 GC heap before
{Heap before GC invocations=18 (full 0):
 garbage-first heap   total 86016K, used 55163K [0x0000000080000000, 0x0000000100000000)
  region size 1024K, 7 young (7168K), 2 survivors (2048K)
 Metaspace       used 54642K, committed 55232K, reserved 1114112K
  class space    used 7320K, committed 7616K, reserved 1048576K
}
Event: 3.510 GC heap after
{Heap after GC invocations=19 (full 0):
 garbage-first heap   total 103424K, used 55635K [0x0000000080000000, 0x0000000100000000)
  region size 1024K, 3 young (3072K), 3 survivors (3072K)
 Metaspace       used 54642K, committed 55232K, reserved 1114112K
  class space    used 7320K, committed 7616K, reserved 1048576K
}
Event: 3.529 GC heap before
{Heap before GC invocations=20 (full 0):
 garbage-first heap   total 103424K, used 58707K [0x0000000080000000, 0x0000000100000000)
  region size 1024K, 6 young (6144K), 3 survivors (3072K)
 Metaspace       used 54658K, committed 55232K, reserved 1114112K
  class space    used 7322K, committed 7616K, reserved 1048576K
}
Event: 3.530 GC heap after
{Heap after GC invocations=21 (full 0):
 garbage-first heap   total 103424K, used 57280K [0x0000000080000000, 0x0000000100000000)
  region size 1024K, 2 young (2048K), 2 survivors (2048K)
 Metaspace       used 54658K, committed 55232K, reserved 1114112K
  class space    used 7322K, committed 7616K, reserved 1048576K
}
Event: 3.601 GC heap before
{Heap before GC invocations=22 (full 0):
 garbage-first heap   total 103424K, used 73664K [0x0000000080000000, 0x0000000100000000)
  region size 1024K, 17 young (17408K), 2 survivors (2048K)
 Metaspace       used 55827K, committed 56384K, reserved 1114112K
  class space    used 7475K, committed 7744K, reserved 1048576K
}
Event: 3.603 GC heap after
{Heap after GC invocations=23 (full 0):
 garbage-first heap   total 103424K, used 60555K [0x0000000080000000, 0x0000000100000000)
  region size 1024K, 3 young (3072K), 3 survivors (3072K)
 Metaspace       used 55827K, committed 56384K, reserved 1114112K
  class space    used 7475K, committed 7744K, reserved 1048576K
}
Event: 3.611 GC heap before
{Heap before GC invocations=23 (full 0):
 garbage-first heap   total 103424K, used 61579K [0x0000000080000000, 0x0000000100000000)
  region size 1024K, 5 young (5120K), 3 survivors (3072K)
 Metaspace       used 55995K, committed 56512K, reserved 1114112K
  class space    used 7493K, committed 7744K, reserved 1048576K
}
Event: 3.613 GC heap after
{Heap after GC invocations=24 (full 0):
 garbage-first heap   total 103424K, used 59924K [0x0000000080000000, 0x0000000100000000)
  region size 1024K, 1 young (1024K), 1 survivors (1024K)
 Metaspace       used 55995K, committed 56512K, reserved 1114112K
  class space    used 7493K, committed 7744K, reserved 1048576K
}
Event: 3.722 GC heap before
{Heap before GC invocations=24 (full 0):
 garbage-first heap   total 103424K, used 75284K [0x0000000080000000, 0x0000000100000000)
  region size 1024K, 16 young (16384K), 1 survivors (1024K)
 Metaspace       used 57416K, committed 57984K, reserved 1114112K
  class space    used 7711K, committed 8000K, reserved 1048576K
}
Event: 3.723 GC heap after
{Heap after GC invocations=25 (full 0):
 garbage-first heap   total 103424K, used 60338K [0x0000000080000000, 0x0000000100000000)
  region size 1024K, 1 young (1024K), 1 survivors (1024K)
 Metaspace       used 57416K, committed 57984K, reserved 1114112K
  class space    used 7711K, committed 8000K, reserved 1048576K
}
Event: 3.834 GC heap before
{Heap before GC invocations=26 (full 0):
 garbage-first heap   total 107520K, used 76722K [0x0000000080000000, 0x0000000100000000)
  region size 1024K, 18 young (18432K), 1 survivors (1024K)
 Metaspace       used 59173K, committed 59776K, reserved 1114112K
  class space    used 7914K, committed 8192K, reserved 1048576K
}
Event: 3.836 GC heap after
{Heap after GC invocations=27 (full 0):
 garbage-first heap   total 169984K, used 60901K [0x0000000080000000, 0x0000000100000000)
  region size 1024K, 2 young (2048K), 2 survivors (2048K)
 Metaspace       used 59173K, committed 59776K, reserved 1114112K
  class space    used 7914K, committed 8192K, reserved 1048576K
}
Event: 3.858 GC heap before
{Heap before GC invocations=27 (full 0):
 garbage-first heap   total 169984K, used 67045K [0x0000000080000000, 0x0000000100000000)
  region size 1024K, 8 young (8192K), 2 survivors (2048K)
 Metaspace       used 59813K, committed 60352K, reserved 1114112K
  class space    used 7992K, committed 8256K, reserved 1048576K
}
Event: 3.859 GC heap after
{Heap after GC invocations=28 (full 0):
 garbage-first heap   total 169984K, used 60448K [0x0000000080000000, 0x0000000100000000)
  region size 1024K, 1 young (1024K), 1 survivors (1024K)
 Metaspace       used 59813K, committed 60352K, reserved 1114112K
  class space    used 7992K, committed 8256K, reserved 1048576K
}

