# JRE version: OpenJDK Runtime Environment (17.0.7) (build 17.0.7+0-b2043.56-10550314)
# Java VM: OpenJDK 64-Bit Server VM (17.0.7+0-b2043.56-10550314, mixed mode, tiered, compressed oops, compressed class ptrs, g1 gc, windows-amd64)
GC Precious Log:
 CPUs: 20 total, 20 available
 Memory: 16003M
 Large Page Support: Disabled
 NUMA Support: Disabled
 Compressed Oops: Enabled (32-bit)
 Heap Region Size: 1M
 Heap Min Capacity: 8M
 Heap Initial Capacity: 252M
 Heap Max Capacity: 2G
 Pre-touch: Disabled
 Parallel Workers: 15
 Concurrent Workers: 4
 Concurrent Refinement Workers: 15
 Periodic GC: Disabled
Heap:
 garbage-first heap   total 220160K, used 175003K [0x0000000080000000, 0x0000000100000000)
  region size 1024K, 64 young (65536K), 2 survivors (2048K)
 Metaspace       used 100886K, committed 101632K, reserved 1179648K
  class space    used 14051K, committed 14400K, reserved 1048576K
GC Heap History (20 events):
Event: 5.060 GC heap before
{Heap before GC invocations=24 (full 0):
 garbage-first heap   total 183296K, used 140472K [0x0000000080000000, 0x0000000100000000)
  region size 1024K, 68 young (69632K), 4 survivors (4096K)
 Metaspace       used 78229K, committed 78848K, reserved 1179648K
  class space    used 10500K, committed 10816K, reserved 1048576K
}
Event: 5.063 GC heap after
{Heap after GC invocations=25 (full 0):
 garbage-first heap   total 183296K, used 80170K [0x0000000080000000, 0x0000000100000000)
  region size 1024K, 9 young (9216K), 9 survivors (9216K)
 Metaspace       used 78229K, committed 78848K, reserved 1179648K
  class space    used 10500K, committed 10816K, reserved 1048576K
}
Event: 5.412 GC heap before
{Heap before GC invocations=25 (full 0):
 garbage-first heap   total 183296K, used 142634K [0x0000000080000000, 0x0000000100000000)
  region size 1024K, 70 young (71680K), 9 survivors (9216K)
 Metaspace       used 81924K, committed 82560K, reserved 1179648K
  class space    used 11079K, committed 11392K, reserved 1048576K
}
Event: 5.415 GC heap after
{Heap after GC invocations=26 (full 0):
 garbage-first heap   total 183296K, used 83240K [0x0000000080000000, 0x0000000100000000)
  region size 1024K, 4 young (4096K), 4 survivors (4096K)
 Metaspace       used 81924K, committed 82560K, reserved 1179648K
  class space    used 11079K, committed 11392K, reserved 1048576K
}
Event: 5.797 GC heap before
{Heap before GC invocations=26 (full 0):
 garbage-first heap   total 183296K, used 144680K [0x0000000080000000, 0x0000000100000000)
  region size 1024K, 64 young (65536K), 4 survivors (4096K)
 Metaspace       used 86537K, committed 87168K, reserved 1179648K
  class space    used 11860K, committed 12160K, reserved 1048576K
}
Event: 5.800 GC heap after
{Heap after GC invocations=27 (full 0):
 garbage-first heap   total 183296K, used 85875K [0x0000000080000000, 0x0000000100000000)
  region size 1024K, 7 young (7168K), 7 survivors (7168K)
 Metaspace       used 86537K, committed 87168K, reserved 1179648K
  class space    used 11860K, committed 12160K, reserved 1048576K
}
Event: 6.200 GC heap before
{Heap before GC invocations=27 (full 0):
 garbage-first heap   total 183296K, used 147315K [0x0000000080000000, 0x0000000100000000)
  region size 1024K, 67 young (68608K), 7 survivors (7168K)
 Metaspace       used 91563K, committed 92160K, reserved 1179648K
  class space    used 12630K, committed 12928K, reserved 1048576K
}
Event: 6.205 GC heap after
{Heap after GC invocations=28 (full 0):
 garbage-first heap   total 183296K, used 89980K [0x0000000080000000, 0x0000000100000000)
  region size 1024K, 7 young (7168K), 7 survivors (7168K)
 Metaspace       used 91563K, committed 92160K, reserved 1179648K
  class space    used 12630K, committed 12928K, reserved 1048576K
}
Event: 6.654 GC heap before
{Heap before GC invocations=28 (full 0):
 garbage-first heap   total 183296K, used 148348K [0x0000000080000000, 0x0000000100000000)
  region size 1024K, 64 young (65536K), 7 survivors (7168K)
 Metaspace       used 96170K, committed 96896K, reserved 1179648K
  class space    used 13252K, committed 13568K, reserved 1048576K
}
Event: 6.658 GC heap after
{Heap after GC invocations=29 (full 0):
 garbage-first heap   total 183296K, used 94146K [0x0000000080000000, 0x0000000100000000)
  region size 1024K, 8 young (8192K), 8 survivors (8192K)
 Metaspace       used 96170K, committed 96896K, reserved 1179648K
  class space    used 13252K, committed 13568K, reserved 1048576K
}
Event: 7.074 GC heap before
{Heap before GC invocations=30 (full 0):
 garbage-first heap   total 183296K, used 149442K [0x0000000080000000, 0x0000000100000000)
  region size 1024K, 62 young (63488K), 8 survivors (8192K)
 Metaspace       used 96883K, committed 97600K, reserved 1179648K
  class space    used 13367K, committed 13696K, reserved 1048576K
}
Event: 7.080 GC heap after
{Heap after GC invocations=31 (full 0):
 garbage-first heap   total 183296K, used 102043K [0x0000000080000000, 0x0000000100000000)
  region size 1024K, 8 young (8192K), 8 survivors (8192K)
 Metaspace       used 96883K, committed 97600K, reserved 1179648K
  class space    used 13367K, committed 13696K, reserved 1048576K
}
Event: 7.120 GC heap before
{Heap before GC invocations=31 (full 0):
 garbage-first heap   total 183296K, used 103067K [0x0000000080000000, 0x0000000100000000)
  region size 1024K, 9 young (9216K), 8 survivors (8192K)
 Metaspace       used 96983K, committed 97664K, reserved 1179648K
  class space    used 13388K, committed 13696K, reserved 1048576K
}
Event: 7.124 GC heap after
{Heap after GC invocations=32 (full 0):
 garbage-first heap   total 220160K, used 102934K [0x0000000080000000, 0x0000000100000000)
  region size 1024K, 2 young (2048K), 2 survivors (2048K)
 Metaspace       used 96983K, committed 97664K, reserved 1179648K
  class space    used 13388K, committed 13696K, reserved 1048576K
}
Event: 7.602 GC heap before
{Heap before GC invocations=32 (full 0):
 garbage-first heap   total 220160K, used 175638K [0x0000000080000000, 0x0000000100000000)
  region size 1024K, 74 young (75776K), 2 survivors (2048K)
 Metaspace       used 99103K, committed 99904K, reserved 1179648K
  class space    used 13878K, committed 14272K, reserved 1048576K
}
Event: 7.606 GC heap after
{Heap after GC invocations=33 (full 0):
 garbage-first heap   total 220160K, used 109558K [0x0000000080000000, 0x0000000100000000)
  region size 1024K, 8 young (8192K), 8 survivors (8192K)
 Metaspace       used 99103K, committed 99904K, reserved 1179648K
  class space    used 13878K, committed 14272K, reserved 1048576K
}
Event: 8.041 GC heap before
{Heap before GC invocations=34 (full 0):
 garbage-first heap   total 220160K, used 176118K [0x0000000080000000, 0x0000000100000000)
  region size 1024K, 74 young (75776K), 8 survivors (8192K)
 Metaspace       used 99897K, committed 100608K, reserved 1179648K
  class space    used 13955K, committed 14272K, reserved 1048576K
}
Event: 8.047 GC heap after
{Heap after GC invocations=35 (full 0):
 garbage-first heap   total 220160K, used 114347K [0x0000000080000000, 0x0000000100000000)
  region size 1024K, 7 young (7168K), 7 survivors (7168K)
 Metaspace       used 99897K, committed 100608K, reserved 1179648K
  class space    used 13955K, committed 14272K, reserved 1048576K
}
Event: 8.050 GC heap before
{Heap before GC invocations=35 (full 0):
 garbage-first heap   total 220160K, used 116395K [0x0000000080000000, 0x0000000100000000)
  region size 1024K, 10 young (10240K), 7 survivors (7168K)
 Metaspace       used 99902K, committed 100608K, reserved 1179648K
  class space    used 13955K, committed 14272K, reserved 1048576K
}
Event: 8.053 GC heap after
{Heap after GC invocations=36 (full 0):
 garbage-first heap   total 220160K, used 113563K [0x0000000080000000, 0x0000000100000000)
  region size 1024K, 2 young (2048K), 2 survivors (2048K)
 Metaspace       used 99902K, committed 100608K, reserved 1179648K
  class space    used 13955K, committed 14272K, reserved 1048576K
}

