# JRE version: OpenJDK Runtime Environment (17.0.7) (build 17.0.7+0-b2043.56-10550314)
# Java VM: OpenJDK 64-Bit Server VM (17.0.7+0-b2043.56-10550314, mixed mode, tiered, compressed oops, compressed class ptrs, g1 gc, windows-amd64)
GC Precious Log:
 CPUs: 20 total, 20 available
 Memory: 16003M
 Large Page Support: Disabled
 NUMA Support: Disabled
 Compressed Oops: Enabled (32-bit)
 Heap Region Size: 1M
 Heap Min Capacity: 8M
 Heap Initial Capacity: 252M
 Heap Max Capacity: 2G
 Pre-touch: Disabled
 Parallel Workers: 15
 Concurrent Workers: 4
 Concurrent Refinement Workers: 15
 Periodic GC: Disabled
Heap:
 garbage-first heap   total 122880K, used 77896K [0x0000000080000000, 0x0000000100000000)
  region size 1024K, 20 young (20480K), 2 survivors (2048K)
 Metaspace       used 57157K, committed 57728K, reserved 1114112K
  class space    used 7682K, committed 7936K, reserved 1048576K
GC Heap History (20 events):
Event: 2.194 GC heap before
{Heap before GC invocations=7 (full 0):
 garbage-first heap   total 68608K, used 36477K [0x0000000080000000, 0x0000000100000000)
  region size 1024K, 18 young (18432K), 3 survivors (3072K)
 Metaspace       used 35791K, committed 36096K, reserved 1114112K
  class space    used 4950K, committed 5120K, reserved 1048576K
}
Event: 2.196 GC heap after
{Heap after GC invocations=8 (full 0):
 garbage-first heap   total 68608K, used 24690K [0x0000000080000000, 0x0000000100000000)
  region size 1024K, 3 young (3072K), 3 survivors (3072K)
 Metaspace       used 35791K, committed 36096K, reserved 1114112K
  class space    used 4950K, committed 5120K, reserved 1048576K
}
Event: 2.416 GC heap before
{Heap before GC invocations=9 (full 0):
 garbage-first heap   total 68608K, used 50290K [0x0000000080000000, 0x0000000100000000)
  region size 1024K, 29 young (29696K), 3 survivors (3072K)
 Metaspace       used 41278K, committed 41664K, reserved 1114112K
  class space    used 5474K, committed 5632K, reserved 1048576K
}
Event: 2.420 GC heap after
{Heap after GC invocations=10 (full 0):
 garbage-first heap   total 88064K, used 27940K [0x0000000080000000, 0x0000000100000000)
  region size 1024K, 4 young (4096K), 4 survivors (4096K)
 Metaspace       used 41278K, committed 41664K, reserved 1114112K
  class space    used 5474K, committed 5632K, reserved 1048576K
}
Event: 2.698 GC heap before
{Heap before GC invocations=10 (full 0):
 garbage-first heap   total 88064K, used 70948K [0x0000000080000000, 0x0000000100000000)
  region size 1024K, 41 young (41984K), 4 survivors (4096K)
 Metaspace       used 44141K, committed 44608K, reserved 1114112K
  class space    used 5803K, committed 6016K, reserved 1048576K
}
Event: 2.701 GC heap after
{Heap after GC invocations=11 (full 0):
 garbage-first heap   total 88064K, used 30341K [0x0000000080000000, 0x0000000100000000)
  region size 1024K, 6 young (6144K), 6 survivors (6144K)
 Metaspace       used 44141K, committed 44608K, reserved 1114112K
  class space    used 5803K, committed 6016K, reserved 1048576K
}
Event: 2.998 GC heap before
{Heap before GC invocations=11 (full 0):
 garbage-first heap   total 88064K, used 69253K [0x0000000080000000, 0x0000000100000000)
  region size 1024K, 42 young (43008K), 6 survivors (6144K)
 Metaspace       used 48379K, committed 48832K, reserved 1114112K
  class space    used 6410K, committed 6592K, reserved 1048576K
}
Event: 3.001 GC heap after
{Heap after GC invocations=12 (full 0):
 garbage-first heap   total 88064K, used 33151K [0x0000000080000000, 0x0000000100000000)
  region size 1024K, 6 young (6144K), 6 survivors (6144K)
 Metaspace       used 48379K, committed 48832K, reserved 1114112K
  class space    used 6410K, committed 6592K, reserved 1048576K
}
Event: 3.301 GC heap before
{Heap before GC invocations=12 (full 0):
 garbage-first heap   total 88064K, used 66943K [0x0000000080000000, 0x0000000100000000)
  region size 1024K, 39 young (39936K), 6 survivors (6144K)
 Metaspace       used 52540K, committed 53056K, reserved 1114112K
  class space    used 7074K, committed 7296K, reserved 1048576K
}
Event: 3.304 GC heap after
{Heap after GC invocations=13 (full 0):
 garbage-first heap   total 88064K, used 34143K [0x0000000080000000, 0x0000000100000000)
  region size 1024K, 4 young (4096K), 4 survivors (4096K)
 Metaspace       used 52540K, committed 53056K, reserved 1114112K
  class space    used 7074K, committed 7296K, reserved 1048576K
}
Event: 3.624 GC heap before
{Heap before GC invocations=13 (full 0):
 garbage-first heap   total 88064K, used 67935K [0x0000000080000000, 0x0000000100000000)
  region size 1024K, 38 young (38912K), 4 survivors (4096K)
 Metaspace       used 54482K, committed 54912K, reserved 1114112K
  class space    used 7312K, committed 7488K, reserved 1048576K
}
Event: 3.627 GC heap after
{Heap after GC invocations=14 (full 0):
 garbage-first heap   total 88064K, used 38786K [0x0000000080000000, 0x0000000100000000)
  region size 1024K, 5 young (5120K), 5 survivors (5120K)
 Metaspace       used 54482K, committed 54912K, reserved 1114112K
  class space    used 7312K, committed 7488K, reserved 1048576K
}
Event: 3.668 GC heap before
{Heap before GC invocations=14 (full 0):
 garbage-first heap   total 88064K, used 48002K [0x0000000080000000, 0x0000000100000000)
  region size 1024K, 12 young (12288K), 5 survivors (5120K)
 Metaspace       used 54601K, committed 55168K, reserved 1114112K
  class space    used 7319K, committed 7616K, reserved 1048576K
}
Event: 3.670 GC heap after
{Heap after GC invocations=15 (full 0):
 garbage-first heap   total 88064K, used 45682K [0x0000000080000000, 0x0000000100000000)
  region size 1024K, 3 young (3072K), 3 survivors (3072K)
 Metaspace       used 54601K, committed 55168K, reserved 1114112K
  class space    used 7319K, committed 7616K, reserved 1048576K
}
Event: 3.692 GC heap before
{Heap before GC invocations=16 (full 0):
 garbage-first heap   total 88064K, used 50802K [0x0000000080000000, 0x0000000100000000)
  region size 1024K, 7 young (7168K), 3 survivors (3072K)
 Metaspace       used 54691K, committed 55296K, reserved 1114112K
  class space    used 7327K, committed 7616K, reserved 1048576K
}
Event: 3.693 GC heap after
{Heap after GC invocations=17 (full 0):
 garbage-first heap   total 88064K, used 50120K [0x0000000080000000, 0x0000000100000000)
  region size 1024K, 4 young (4096K), 4 survivors (4096K)
 Metaspace       used 54691K, committed 55296K, reserved 1114112K
  class space    used 7327K, committed 7616K, reserved 1048576K
}
Event: 3.716 GC heap before
{Heap before GC invocations=18 (full 0):
 garbage-first heap   total 99328K, used 58312K [0x0000000080000000, 0x0000000100000000)
  region size 1024K, 9 young (9216K), 4 survivors (4096K)
 Metaspace       used 54701K, committed 55296K, reserved 1114112K
  class space    used 7329K, committed 7616K, reserved 1048576K
}
Event: 3.718 GC heap after
{Heap after GC invocations=19 (full 0):
 garbage-first heap   total 99328K, used 57433K [0x0000000080000000, 0x0000000100000000)
  region size 1024K, 3 young (3072K), 3 survivors (3072K)
 Metaspace       used 54701K, committed 55296K, reserved 1114112K
  class space    used 7329K, committed 7616K, reserved 1048576K
}
Event: 3.768 GC heap before
{Heap before GC invocations=20 (full 0):
 garbage-first heap   total 102400K, used 68697K [0x0000000080000000, 0x0000000100000000)
  region size 1024K, 15 young (15360K), 3 survivors (3072K)
 Metaspace       used 55603K, committed 56128K, reserved 1114112K
  class space    used 7440K, committed 7680K, reserved 1048576K
}
Event: 3.770 GC heap after
{Heap after GC invocations=21 (full 0):
 garbage-first heap   total 122880K, used 59464K [0x0000000080000000, 0x0000000100000000)
  region size 1024K, 2 young (2048K), 2 survivors (2048K)
 Metaspace       used 55603K, committed 56128K, reserved 1114112K
  class space    used 7440K, committed 7680K, reserved 1048576K
}

