# JRE version: OpenJDK Runtime Environment (17.0.7) (build 17.0.7+0-b2043.56-10550314)
# Java VM: OpenJDK 64-Bit Server VM (17.0.7+0-b2043.56-10550314, mixed mode, tiered, compressed oops, compressed class ptrs, g1 gc, windows-amd64)
GC Precious Log:
 CPUs: 20 total, 20 available
 Memory: 16003M
 Large Page Support: Disabled
 NUMA Support: Disabled
 Compressed Oops: Enabled (32-bit)
 Heap Region Size: 1M
 Heap Min Capacity: 8M
 Heap Initial Capacity: 252M
 Heap Max Capacity: 2G
 Pre-touch: Disabled
 Parallel Workers: 15
 Concurrent Workers: 4
 Concurrent Refinement Workers: 15
 Periodic GC: Disabled
Heap:
 garbage-first heap   total 301056K, used 273502K [0x0000000080000000, 0x0000000100000000)
  region size 1024K, 99 young (101376K), 12 survivors (12288K)
 Metaspace       used 112302K, committed 113280K, reserved 1179648K
  class space    used 15297K, committed 15808K, reserved 1048576K
GC Heap History (20 events):
Event: 8.079 GC heap before
{Heap before GC invocations=41 (full 0):
 garbage-first heap   total 151552K, used 124286K [0x0000000080000000, 0x0000000100000000)
  region size 1024K, 38 young (38912K), 1 survivors (1024K)
 Metaspace       used 88936K, committed 89472K, reserved 1179648K
  class space    used 12096K, committed 12352K, reserved 1048576K
}
Event: 8.081 GC heap after
{Heap after GC invocations=42 (full 0):
 garbage-first heap   total 151552K, used 86306K [0x0000000080000000, 0x0000000100000000)
  region size 1024K, 2 young (2048K), 2 survivors (2048K)
 Metaspace       used 88936K, committed 89472K, reserved 1179648K
  class space    used 12096K, committed 12352K, reserved 1048576K
}
Event: 8.122 GC heap before
{Heap before GC invocations=42 (full 0):
 garbage-first heap   total 151552K, used 90402K [0x0000000080000000, 0x0000000100000000)
  region size 1024K, 7 young (7168K), 2 survivors (2048K)
 Metaspace       used 89373K, committed 89920K, reserved 1179648K
  class space    used 12169K, committed 12416K, reserved 1048576K
}
Event: 8.125 GC heap after
{Heap after GC invocations=43 (full 0):
 garbage-first heap   total 151552K, used 86045K [0x0000000080000000, 0x0000000100000000)
  region size 1024K, 1 young (1024K), 1 survivors (1024K)
 Metaspace       used 89373K, committed 89920K, reserved 1179648K
  class space    used 12169K, committed 12416K, reserved 1048576K
}
Event: 8.430 GC heap before
{Heap before GC invocations=43 (full 0):
 garbage-first heap   total 151552K, used 124957K [0x0000000080000000, 0x0000000100000000)
  region size 1024K, 39 young (39936K), 1 survivors (1024K)
 Metaspace       used 92166K, committed 92800K, reserved 1179648K
  class space    used 12576K, committed 12864K, reserved 1048576K
}
Event: 8.433 GC heap after
{Heap after GC invocations=44 (full 0):
 garbage-first heap   total 393216K, used 87658K [0x0000000080000000, 0x0000000100000000)
  region size 1024K, 2 young (2048K), 2 survivors (2048K)
 Metaspace       used 92166K, committed 92800K, reserved 1179648K
  class space    used 12576K, committed 12864K, reserved 1048576K
}
Event: 9.774 GC heap before
{Heap before GC invocations=45 (full 0):
 garbage-first heap   total 301056K, used 265834K [0x0000000080000000, 0x0000000100000000)
  region size 1024K, 176 young (180224K), 2 survivors (2048K)
 Metaspace       used 102492K, committed 103232K, reserved 1179648K
  class space    used 14050K, committed 14400K, reserved 1048576K
}
Event: 9.781 GC heap after
{Heap after GC invocations=46 (full 0):
 garbage-first heap   total 301056K, used 103335K [0x0000000080000000, 0x0000000100000000)
  region size 1024K, 18 young (18432K), 18 survivors (18432K)
 Metaspace       used 102492K, committed 103232K, reserved 1179648K
  class space    used 14050K, committed 14400K, reserved 1048576K
}
Event: 9.820 GC heap before
{Heap before GC invocations=46 (full 0):
 garbage-first heap   total 301056K, used 104359K [0x0000000080000000, 0x0000000100000000)
  region size 1024K, 19 young (19456K), 18 survivors (18432K)
 Metaspace       used 102655K, committed 103424K, reserved 1179648K
  class space    used 14082K, committed 14464K, reserved 1048576K
}
Event: 9.826 GC heap after
{Heap after GC invocations=47 (full 0):
 garbage-first heap   total 301056K, used 105517K [0x0000000080000000, 0x0000000100000000)
  region size 1024K, 3 young (3072K), 3 survivors (3072K)
 Metaspace       used 102655K, committed 103424K, reserved 1179648K
  class space    used 14082K, committed 14464K, reserved 1048576K
}
Event: 10.585 GC heap before
{Heap before GC invocations=47 (full 0):
 garbage-first heap   total 301056K, used 230445K [0x0000000080000000, 0x0000000100000000)
  region size 1024K, 126 young (129024K), 3 survivors (3072K)
 Metaspace       used 105251K, committed 106048K, reserved 1179648K
  class space    used 14585K, committed 14976K, reserved 1048576K
}
Event: 10.590 GC heap after
{Heap after GC invocations=48 (full 0):
 garbage-first heap   total 301056K, used 113961K [0x0000000080000000, 0x0000000100000000)
  region size 1024K, 11 young (11264K), 11 survivors (11264K)
 Metaspace       used 105251K, committed 106048K, reserved 1179648K
  class space    used 14585K, committed 14976K, reserved 1048576K
}
Event: 10.994 GC heap before
{Heap before GC invocations=48 (full 0):
 garbage-first heap   total 301056K, used 201001K [0x0000000080000000, 0x0000000100000000)
  region size 1024K, 98 young (100352K), 11 survivors (11264K)
 Metaspace       used 106237K, committed 107008K, reserved 1179648K
  class space    used 14678K, committed 15104K, reserved 1048576K
}
Event: 11.000 GC heap after
{Heap after GC invocations=49 (full 0):
 garbage-first heap   total 301056K, used 119805K [0x0000000080000000, 0x0000000100000000)
  region size 1024K, 8 young (8192K), 8 survivors (8192K)
 Metaspace       used 106237K, committed 107008K, reserved 1179648K
  class space    used 14678K, committed 15104K, reserved 1048576K
}
Event: 45.717 GC heap before
{Heap before GC invocations=50 (full 0):
 garbage-first heap   total 301056K, used 276477K [0x0000000080000000, 0x0000000100000000)
  region size 1024K, 111 young (113664K), 8 survivors (8192K)
 Metaspace       used 110966K, committed 111872K, reserved 1179648K
  class space    used 15217K, committed 15680K, reserved 1048576K
}
Event: 45.724 GC heap after
{Heap after GC invocations=51 (full 0):
 garbage-first heap   total 301056K, used 127637K [0x0000000080000000, 0x0000000100000000)
  region size 1024K, 16 young (16384K), 16 survivors (16384K)
 Metaspace       used 110966K, committed 111872K, reserved 1179648K
  class space    used 15217K, committed 15680K, reserved 1048576K
}
Event: 45.729 GC heap before
{Heap before GC invocations=51 (full 0):
 garbage-first heap   total 301056K, used 128661K [0x0000000080000000, 0x0000000100000000)
  region size 1024K, 17 young (17408K), 16 survivors (16384K)
 Metaspace       used 110968K, committed 111872K, reserved 1179648K
  class space    used 15217K, committed 15680K, reserved 1048576K
}
Event: 45.734 GC heap after
{Heap after GC invocations=52 (full 0):
 garbage-first heap   total 301056K, used 127146K [0x0000000080000000, 0x0000000100000000)
  region size 1024K, 2 young (2048K), 2 survivors (2048K)
 Metaspace       used 110968K, committed 111872K, reserved 1179648K
  class space    used 15217K, committed 15680K, reserved 1048576K
}
Event: 62.842 GC heap before
{Heap before GC invocations=52 (full 0):
 garbage-first heap   total 301056K, used 240810K [0x0000000080000000, 0x0000000100000000)
  region size 1024K, 113 young (115712K), 2 survivors (2048K)
 Metaspace       used 111814K, committed 112704K, reserved 1179648K
  class space    used 15253K, committed 15744K, reserved 1048576K
}
Event: 62.846 GC heap after
{Heap after GC invocations=53 (full 0):
 garbage-first heap   total 301056K, used 137310K [0x0000000080000000, 0x0000000100000000)
  region size 1024K, 12 young (12288K), 12 survivors (12288K)
 Metaspace       used 111814K, committed 112704K, reserved 1179648K
  class space    used 15253K, committed 15744K, reserved 1048576K
}

