# JRE version: OpenJDK Runtime Environment (17.0.7) (build 17.0.7+0-b2043.56-10550314)
# Java VM: OpenJDK 64-Bit Server VM (17.0.7+0-b2043.56-10550314, mixed mode, tiered, compressed oops, compressed class ptrs, g1 gc, windows-amd64)
GC Precious Log:
 CPUs: 20 total, 20 available
 Memory: 16003M
 Large Page Support: Disabled
 NUMA Support: Disabled
 Compressed Oops: Enabled (32-bit)
 Heap Region Size: 1M
 Heap Min Capacity: 8M
 Heap Initial Capacity: 252M
 Heap Max Capacity: 2G
 Pre-touch: Disabled
 Parallel Workers: 15
 Concurrent Workers: 4
 Concurrent Refinement Workers: 15
 Periodic GC: Disabled
Heap:
 garbage-first heap   total 310272K, used 208648K [0x0000000080000000, 0x0000000100000000)
  region size 1024K, 73 young (74752K), 12 survivors (12288K)
 Metaspace       used 134868K, committed 136768K, reserved 1179648K
  class space    used 18673K, committed 19584K, reserved 1048576K
GC Heap History (20 events):
Event: 3604.572 GC heap before
{Heap before GC invocations=43 (full 0):
 garbage-first heap   total 310272K, used 203112K [0x0000000080000000, 0x0000000100000000)
  region size 1024K, 79 young (80896K), 7 survivors (7168K)
 Metaspace       used 108293K, committed 109312K, reserved 1179648K
  class space    used 14863K, committed 15296K, reserved 1048576K
}
Event: 3604.710 GC heap after
{Heap after GC invocations=44 (full 1):
 garbage-first heap   total 310272K, used 92901K [0x0000000080000000, 0x0000000100000000)
  region size 1024K, 0 young (0K), 0 survivors (0K)
 Metaspace       used 108134K, committed 109312K, reserved 1179648K
  class space    used 14822K, committed 15296K, reserved 1048576K
}
Event: 4710.404 GC heap before
{Heap before GC invocations=44 (full 1):
 garbage-first heap   total 310272K, used 241381K [0x0000000080000000, 0x0000000100000000)
  region size 1024K, 145 young (148480K), 0 survivors (0K)
 Metaspace       used 108507K, committed 109440K, reserved 1179648K
  class space    used 14842K, committed 15296K, reserved 1048576K
}
Event: 4710.408 GC heap after
{Heap after GC invocations=45 (full 1):
 garbage-first heap   total 310272K, used 98998K [0x0000000080000000, 0x0000000100000000)
  region size 1024K, 6 young (6144K), 6 survivors (6144K)
 Metaspace       used 108507K, committed 109440K, reserved 1179648K
  class space    used 14842K, committed 15296K, reserved 1048576K
}
Event: 4712.564 GC heap before
{Heap before GC invocations=45 (full 1):
 garbage-first heap   total 310272K, used 251574K [0x0000000080000000, 0x0000000100000000)
  region size 1024K, 151 young (154624K), 6 survivors (6144K)
 Metaspace       used 122787K, committed 123776K, reserved 1179648K
  class space    used 16931K, committed 17408K, reserved 1048576K
}
Event: 4712.572 GC heap after
{Heap after GC invocations=46 (full 1):
 garbage-first heap   total 310272K, used 105111K [0x0000000080000000, 0x0000000100000000)
  region size 1024K, 12 young (12288K), 12 survivors (12288K)
 Metaspace       used 122787K, committed 123776K, reserved 1179648K
  class space    used 16931K, committed 17408K, reserved 1048576K
}
Event: 4729.234 GC heap before
{Heap before GC invocations=46 (full 1):
 garbage-first heap   total 310272K, used 276119K [0x0000000080000000, 0x0000000100000000)
  region size 1024K, 151 young (154624K), 12 survivors (12288K)
 Metaspace       used 126401K, committed 127424K, reserved 1179648K
  class space    used 17531K, committed 18048K, reserved 1048576K
}
Event: 4729.242 GC heap after
{Heap after GC invocations=47 (full 1):
 garbage-first heap   total 310272K, used 109595K [0x0000000080000000, 0x0000000100000000)
  region size 1024K, 12 young (12288K), 12 survivors (12288K)
 Metaspace       used 126401K, committed 127424K, reserved 1179648K
  class space    used 17531K, committed 18048K, reserved 1048576K
}
Event: 5065.731 GC heap before
{Heap before GC invocations=47 (full 1):
 garbage-first heap   total 310272K, used 246811K [0x0000000080000000, 0x0000000100000000)
  region size 1024K, 147 young (150528K), 12 survivors (12288K)
 Metaspace       used 127405K, committed 128768K, reserved 1179648K
  class space    used 17727K, committed 18368K, reserved 1048576K
}
Event: 5065.736 GC heap after
{Heap after GC invocations=48 (full 1):
 garbage-first heap   total 310272K, used 115302K [0x0000000080000000, 0x0000000100000000)
  region size 1024K, 12 young (12288K), 12 survivors (12288K)
 Metaspace       used 127405K, committed 128768K, reserved 1179648K
  class space    used 17727K, committed 18368K, reserved 1048576K
}
Event: 6053.913 GC heap before
{Heap before GC invocations=48 (full 1):
 garbage-first heap   total 310272K, used 275046K [0x0000000080000000, 0x0000000100000000)
  region size 1024K, 141 young (144384K), 12 survivors (12288K)
 Metaspace       used 129297K, committed 130688K, reserved 1179648K
  class space    used 17932K, committed 18560K, reserved 1048576K
}
Event: 6053.918 GC heap after
{Heap after GC invocations=49 (full 1):
 garbage-first heap   total 310272K, used 116187K [0x0000000080000000, 0x0000000100000000)
  region size 1024K, 10 young (10240K), 10 survivors (10240K)
 Metaspace       used 129297K, committed 130688K, reserved 1179648K
  class space    used 17932K, committed 18560K, reserved 1048576K
}
Event: 6071.172 GC heap before
{Heap before GC invocations=49 (full 1):
 garbage-first heap   total 310272K, used 274907K [0x0000000080000000, 0x0000000100000000)
  region size 1024K, 137 young (140288K), 10 survivors (10240K)
 Metaspace       used 131940K, committed 133376K, reserved 1179648K
  class space    used 18227K, committed 18944K, reserved 1048576K
}
Event: 6071.176 GC heap after
{Heap after GC invocations=50 (full 1):
 garbage-first heap   total 310272K, used 113942K [0x0000000080000000, 0x0000000100000000)
  region size 1024K, 8 young (8192K), 8 survivors (8192K)
 Metaspace       used 131940K, committed 133376K, reserved 1179648K
  class space    used 18227K, committed 18944K, reserved 1048576K
}
Event: 6144.440 GC heap before
{Heap before GC invocations=50 (full 1):
 garbage-first heap   total 310272K, used 247062K [0x0000000080000000, 0x0000000100000000)
  region size 1024K, 138 young (141312K), 8 survivors (8192K)
 Metaspace       used 132204K, committed 133696K, reserved 1179648K
  class space    used 18228K, committed 18944K, reserved 1048576K
}
Event: 6144.443 GC heap after
{Heap after GC invocations=51 (full 1):
 garbage-first heap   total 310272K, used 110824K [0x0000000080000000, 0x0000000100000000)
  region size 1024K, 5 young (5120K), 5 survivors (5120K)
 Metaspace       used 132204K, committed 133696K, reserved 1179648K
  class space    used 18228K, committed 18944K, reserved 1048576K
}
Event: 6164.498 GC heap before
{Heap before GC invocations=51 (full 1):
 garbage-first heap   total 310272K, used 277736K [0x0000000080000000, 0x0000000100000000)
  region size 1024K, 140 young (143360K), 5 survivors (5120K)
 Metaspace       used 132596K, committed 134016K, reserved 1179648K
  class space    used 18255K, committed 18944K, reserved 1048576K
}
Event: 6164.501 GC heap after
{Heap after GC invocations=52 (full 1):
 garbage-first heap   total 310272K, used 114786K [0x0000000080000000, 0x0000000100000000)
  region size 1024K, 9 young (9216K), 9 survivors (9216K)
 Metaspace       used 132596K, committed 134016K, reserved 1179648K
  class space    used 18255K, committed 18944K, reserved 1048576K
}
Event: 6666.644 GC heap before
{Heap before GC invocations=52 (full 1):
 garbage-first heap   total 310272K, used 247906K [0x0000000080000000, 0x0000000100000000)
  region size 1024K, 140 young (143360K), 9 survivors (9216K)
 Metaspace       used 133392K, committed 134848K, reserved 1179648K
  class space    used 18374K, committed 19072K, reserved 1048576K
}
Event: 6666.649 GC heap after
{Heap after GC invocations=53 (full 1):
 garbage-first heap   total 310272K, used 118536K [0x0000000080000000, 0x0000000100000000)
  region size 1024K, 12 young (12288K), 12 survivors (12288K)
 Metaspace       used 133392K, committed 134848K, reserved 1179648K
  class space    used 18374K, committed 19072K, reserved 1048576K
}

