# JRE version: OpenJDK Runtime Environment (17.0.7) (build 17.0.7+0-b2043.56-10550314)
# Java VM: OpenJDK 64-Bit Server VM (17.0.7+0-b2043.56-10550314, mixed mode, tiered, compressed oops, compressed class ptrs, g1 gc, windows-amd64)
GC Precious Log:
 CPUs: 20 total, 20 available
 Memory: 16003M
 Large Page Support: Disabled
 NUMA Support: Disabled
 Compressed Oops: Enabled (32-bit)
 Heap Region Size: 1M
 Heap Min Capacity: 8M
 Heap Initial Capacity: 252M
 Heap Max Capacity: 2G
 Pre-touch: Disabled
 Parallel Workers: 15
 Concurrent Workers: 4
 Concurrent Refinement Workers: 15
 Periodic GC: Disabled
Heap:
 garbage-first heap   total 258048K, used 85100K [0x0000000080000000, 0x0000000100000000)
  region size 1024K, 3 young (3072K), 3 survivors (3072K)
 Metaspace       used 86681K, committed 87232K, reserved 1179648K
  class space    used 11885K, committed 12160K, reserved 1048576K
GC Heap History (20 events):
Event: 4.719 GC heap after
{Heap after GC invocations=31 (full 0):
 garbage-first heap   total 129024K, used 67627K [0x0000000080000000, 0x0000000100000000)
  region size 1024K, 3 young (3072K), 3 survivors (3072K)
 Metaspace       used 67215K, committed 67840K, reserved 1114112K
  class space    used 8984K, committed 9280K, reserved 1048576K
}
Event: 4.884 GC heap before
{Heap before GC invocations=31 (full 0):
 garbage-first heap   total 129024K, used 95275K [0x0000000080000000, 0x0000000100000000)
  region size 1024K, 30 young (30720K), 3 survivors (3072K)
 Metaspace       used 69322K, committed 69952K, reserved 1114112K
  class space    used 9242K, committed 9536K, reserved 1048576K
}
Event: 4.886 GC heap after
{Heap after GC invocations=32 (full 0):
 garbage-first heap   total 129024K, used 69152K [0x0000000080000000, 0x0000000100000000)
  region size 1024K, 2 young (2048K), 2 survivors (2048K)
 Metaspace       used 69322K, committed 69952K, reserved 1114112K
  class space    used 9242K, committed 9536K, reserved 1048576K
}
Event: 5.001 GC heap before
{Heap before GC invocations=33 (full 0):
 garbage-first heap   total 129024K, used 84512K [0x0000000080000000, 0x0000000100000000)
  region size 1024K, 18 young (18432K), 2 survivors (2048K)
 Metaspace       used 70771K, committed 71360K, reserved 1114112K
  class space    used 9484K, committed 9792K, reserved 1048576K
}
Event: 5.003 GC heap after
{Heap after GC invocations=34 (full 0):
 garbage-first heap   total 129024K, used 69606K [0x0000000080000000, 0x0000000100000000)
  region size 1024K, 3 young (3072K), 3 survivors (3072K)
 Metaspace       used 70771K, committed 71360K, reserved 1114112K
  class space    used 9484K, committed 9792K, reserved 1048576K
}
Event: 5.239 GC heap before
{Heap before GC invocations=35 (full 0):
 garbage-first heap   total 129024K, used 104422K [0x0000000080000000, 0x0000000100000000)
  region size 1024K, 33 young (33792K), 3 survivors (3072K)
 Metaspace       used 74063K, committed 74688K, reserved 1114112K
  class space    used 9923K, committed 10240K, reserved 1048576K
}
Event: 5.242 GC heap after
{Heap after GC invocations=36 (full 0):
 garbage-first heap   total 155648K, used 75668K [0x0000000080000000, 0x0000000100000000)
  region size 1024K, 5 young (5120K), 5 survivors (5120K)
 Metaspace       used 74063K, committed 74688K, reserved 1114112K
  class space    used 9923K, committed 10240K, reserved 1048576K
}
Event: 5.501 GC heap before
{Heap before GC invocations=36 (full 0):
 garbage-first heap   total 155648K, used 116628K [0x0000000080000000, 0x0000000100000000)
  region size 1024K, 45 young (46080K), 5 survivors (5120K)
 Metaspace       used 77386K, committed 78016K, reserved 1179648K
  class space    used 10390K, committed 10688K, reserved 1048576K
}
Event: 5.505 GC heap after
{Heap after GC invocations=37 (full 0):
 garbage-first heap   total 155648K, used 78284K [0x0000000080000000, 0x0000000100000000)
  region size 1024K, 6 young (6144K), 6 survivors (6144K)
 Metaspace       used 77386K, committed 78016K, reserved 1179648K
  class space    used 10390K, committed 10688K, reserved 1048576K
}
Event: 5.764 GC heap before
{Heap before GC invocations=38 (full 0):
 garbage-first heap   total 155648K, used 118220K [0x0000000080000000, 0x0000000100000000)
  region size 1024K, 46 young (47104K), 6 survivors (6144K)
 Metaspace       used 79323K, committed 79936K, reserved 1179648K
  class space    used 10646K, committed 10944K, reserved 1048576K
}
Event: 5.768 GC heap after
{Heap after GC invocations=39 (full 0):
 garbage-first heap   total 155648K, used 81906K [0x0000000080000000, 0x0000000100000000)
  region size 1024K, 6 young (6144K), 6 survivors (6144K)
 Metaspace       used 79323K, committed 79936K, reserved 1179648K
  class space    used 10646K, committed 10944K, reserved 1048576K
}
Event: 5.772 GC heap before
{Heap before GC invocations=39 (full 0):
 garbage-first heap   total 155648K, used 82930K [0x0000000080000000, 0x0000000100000000)
  region size 1024K, 7 young (7168K), 6 survivors (6144K)
 Metaspace       used 79403K, committed 80000K, reserved 1179648K
  class space    used 10658K, committed 10944K, reserved 1048576K
}
Event: 5.775 GC heap after
{Heap after GC invocations=40 (full 0):
 garbage-first heap   total 155648K, used 81816K [0x0000000080000000, 0x0000000100000000)
  region size 1024K, 1 young (1024K), 1 survivors (1024K)
 Metaspace       used 79403K, committed 80000K, reserved 1179648K
  class space    used 10658K, committed 10944K, reserved 1048576K
}
Event: 5.833 GC heap before
{Heap before GC invocations=40 (full 0):
 garbage-first heap   total 155648K, used 94104K [0x0000000080000000, 0x0000000100000000)
  region size 1024K, 14 young (14336K), 1 survivors (1024K)
 Metaspace       used 80249K, committed 80832K, reserved 1179648K
  class space    used 10781K, committed 11072K, reserved 1048576K
}
Event: 5.834 GC heap after
{Heap after GC invocations=41 (full 0):
 garbage-first heap   total 155648K, used 82259K [0x0000000080000000, 0x0000000100000000)
  region size 1024K, 1 young (1024K), 1 survivors (1024K)
 Metaspace       used 80249K, committed 80832K, reserved 1179648K
  class space    used 10781K, committed 11072K, reserved 1048576K
}
Event: 6.124 GC heap before
{Heap before GC invocations=42 (full 0):
 garbage-first heap   total 155648K, used 123219K [0x0000000080000000, 0x0000000100000000)
  region size 1024K, 40 young (40960K), 1 survivors (1024K)
 Metaspace       used 83366K, committed 84032K, reserved 1179648K
  class space    used 11397K, committed 11712K, reserved 1048576K
}
Event: 6.126 GC heap after
{Heap after GC invocations=43 (full 0):
 garbage-first heap   total 155648K, used 83294K [0x0000000080000000, 0x0000000100000000)
  region size 1024K, 3 young (3072K), 3 survivors (3072K)
 Metaspace       used 83366K, committed 84032K, reserved 1179648K
  class space    used 11397K, committed 11712K, reserved 1048576K
}
Event: 6.150 GC heap before
{Heap before GC invocations=43 (full 0):
 garbage-first heap   total 155648K, used 86366K [0x0000000080000000, 0x0000000100000000)
  region size 1024K, 7 young (7168K), 3 survivors (3072K)
 Metaspace       used 83720K, committed 84352K, reserved 1179648K
  class space    used 11458K, committed 11776K, reserved 1048576K
}
Event: 6.152 GC heap after
{Heap after GC invocations=44 (full 0):
 garbage-first heap   total 155648K, used 83262K [0x0000000080000000, 0x0000000100000000)
  region size 1024K, 1 young (1024K), 1 survivors (1024K)
 Metaspace       used 83720K, committed 84352K, reserved 1179648K
  class space    used 11458K, committed 11776K, reserved 1048576K
}
Event: 6.398 GC heap before
{Heap before GC invocations=44 (full 0):
 garbage-first heap   total 155648K, used 124222K [0x0000000080000000, 0x0000000100000000)
  region size 1024K, 41 young (41984K), 1 survivors (1024K)
 Metaspace       used 86681K, committed 87232K, reserved 1179648K
  class space    used 11885K, committed 12160K, reserved 1048576K
}

