# JRE version: OpenJDK Runtime Environment (17.0.7) (build 17.0.7+0-b2043.56-10550314)
# Java VM: OpenJDK 64-Bit Server VM (17.0.7+0-b2043.56-10550314, mixed mode, tiered, compressed oops, compressed class ptrs, g1 gc, windows-amd64)
GC Precious Log:
 CPUs: 20 total, 20 available
 Memory: 16003M
 Large Page Support: Disabled
 NUMA Support: Disabled
 Compressed Oops: Enabled (32-bit)
 Heap Region Size: 1M
 Heap Min Capacity: 8M
 Heap Initial Capacity: 252M
 Heap Max Capacity: 2G
 Pre-touch: Disabled
 Parallel Workers: 15
 Concurrent Workers: 4
 Concurrent Refinement Workers: 15
 Periodic GC: Disabled
Heap:
 garbage-first heap   total 101376K, used 59548K [0x0000000080000000, 0x0000000100000000)
  region size 1024K, 2 young (2048K), 2 survivors (2048K)
 Metaspace       used 55650K, committed 56128K, reserved 1114112K
  class space    used 7432K, committed 7680K, reserved 1048576K
GC Heap History (20 events):
Event: 1.911 GC heap after
{Heap after GC invocations=8 (full 0):
 garbage-first heap   total 68608K, used 23710K [0x0000000080000000, 0x0000000100000000)
  region size 1024K, 3 young (3072K), 3 survivors (3072K)
 Metaspace       used 35641K, committed 35968K, reserved 1114112K
  class space    used 4921K, committed 5056K, reserved 1048576K
}
Event: 2.146 GC heap before
{Heap before GC invocations=9 (full 0):
 garbage-first heap   total 68608K, used 51358K [0x0000000080000000, 0x0000000100000000)
  region size 1024K, 31 young (31744K), 3 survivors (3072K)
 Metaspace       used 41305K, committed 41664K, reserved 1114112K
  class space    used 5475K, committed 5632K, reserved 1048576K
}
Event: 2.149 GC heap after
{Heap after GC invocations=10 (full 0):
 garbage-first heap   total 68608K, used 27134K [0x0000000080000000, 0x0000000100000000)
  region size 1024K, 4 young (4096K), 4 survivors (4096K)
 Metaspace       used 41305K, committed 41664K, reserved 1114112K
  class space    used 5475K, committed 5632K, reserved 1048576K
}
Event: 2.343 GC heap before
{Heap before GC invocations=10 (full 0):
 garbage-first heap   total 68608K, used 56830K [0x0000000080000000, 0x0000000100000000)
  region size 1024K, 29 young (29696K), 4 survivors (4096K)
 Metaspace       used 43552K, committed 43968K, reserved 1114112K
  class space    used 5703K, committed 5888K, reserved 1048576K
}
Event: 2.345 GC heap after
{Heap after GC invocations=11 (full 0):
 garbage-first heap   total 68608K, used 30059K [0x0000000080000000, 0x0000000100000000)
  region size 1024K, 3 young (3072K), 3 survivors (3072K)
 Metaspace       used 43552K, committed 43968K, reserved 1114112K
  class space    used 5703K, committed 5888K, reserved 1048576K
}
Event: 2.478 GC heap before
{Heap before GC invocations=11 (full 0):
 garbage-first heap   total 68608K, used 53611K [0x0000000080000000, 0x0000000100000000)
  region size 1024K, 25 young (25600K), 3 survivors (3072K)
 Metaspace       used 45496K, committed 46016K, reserved 1114112K
  class space    used 5910K, committed 6144K, reserved 1048576K
}
Event: 2.480 GC heap after
{Heap after GC invocations=12 (full 0):
 garbage-first heap   total 82944K, used 31601K [0x0000000080000000, 0x0000000100000000)
  region size 1024K, 2 young (2048K), 2 survivors (2048K)
 Metaspace       used 45496K, committed 46016K, reserved 1114112K
  class space    used 5910K, committed 6144K, reserved 1048576K
}
Event: 2.731 GC heap before
{Heap before GC invocations=12 (full 0):
 garbage-first heap   total 82944K, used 63345K [0x0000000080000000, 0x0000000100000000)
  region size 1024K, 33 young (33792K), 2 survivors (2048K)
 Metaspace       used 49180K, committed 49600K, reserved 1114112K
  class space    used 6544K, committed 6720K, reserved 1048576K
}
Event: 2.733 GC heap after
{Heap after GC invocations=13 (full 0):
 garbage-first heap   total 82944K, used 33310K [0x0000000080000000, 0x0000000100000000)
  region size 1024K, 4 young (4096K), 4 survivors (4096K)
 Metaspace       used 49180K, committed 49600K, reserved 1114112K
  class space    used 6544K, committed 6720K, reserved 1048576K
}
Event: 3.009 GC heap before
{Heap before GC invocations=13 (full 0):
 garbage-first heap   total 82944K, used 64030K [0x0000000080000000, 0x0000000100000000)
  region size 1024K, 34 young (34816K), 4 survivors (4096K)
 Metaspace       used 52934K, committed 53376K, reserved 1114112K
  class space    used 7131K, committed 7296K, reserved 1048576K
}
Event: 3.012 GC heap after
{Heap after GC invocations=14 (full 0):
 garbage-first heap   total 82944K, used 34391K [0x0000000080000000, 0x0000000100000000)
  region size 1024K, 3 young (3072K), 3 survivors (3072K)
 Metaspace       used 52934K, committed 53376K, reserved 1114112K
  class space    used 7131K, committed 7296K, reserved 1048576K
}
Event: 3.298 GC heap before
{Heap before GC invocations=14 (full 0):
 garbage-first heap   total 82944K, used 65111K [0x0000000080000000, 0x0000000100000000)
  region size 1024K, 34 young (34816K), 3 survivors (3072K)
 Metaspace       used 54502K, committed 55040K, reserved 1114112K
  class space    used 7303K, committed 7552K, reserved 1048576K
}
Event: 3.302 GC heap after
{Heap after GC invocations=15 (full 0):
 garbage-first heap   total 82944K, used 38776K [0x0000000080000000, 0x0000000100000000)
  region size 1024K, 5 young (5120K), 5 survivors (5120K)
 Metaspace       used 54502K, committed 55040K, reserved 1114112K
  class space    used 7303K, committed 7552K, reserved 1048576K
}
Event: 3.347 GC heap before
{Heap before GC invocations=15 (full 0):
 garbage-first heap   total 82944K, used 47992K [0x0000000080000000, 0x0000000100000000)
  region size 1024K, 12 young (12288K), 5 survivors (5120K)
 Metaspace       used 54642K, committed 55168K, reserved 1114112K
  class space    used 7311K, committed 7552K, reserved 1048576K
}
Event: 3.349 GC heap after
{Heap after GC invocations=16 (full 0):
 garbage-first heap   total 82944K, used 45352K [0x0000000080000000, 0x0000000100000000)
  region size 1024K, 3 young (3072K), 3 survivors (3072K)
 Metaspace       used 54642K, committed 55168K, reserved 1114112K
  class space    used 7311K, committed 7552K, reserved 1048576K
}
Event: 3.369 GC heap before
{Heap before GC invocations=17 (full 0):
 garbage-first heap   total 86016K, used 51496K [0x0000000080000000, 0x0000000100000000)
  region size 1024K, 7 young (7168K), 3 survivors (3072K)
 Metaspace       used 54738K, committed 55232K, reserved 1114112K
  class space    used 7319K, committed 7552K, reserved 1048576K
}
Event: 3.370 GC heap after
{Heap after GC invocations=18 (full 0):
 garbage-first heap   total 86016K, used 50376K [0x0000000080000000, 0x0000000100000000)
  region size 1024K, 3 young (3072K), 3 survivors (3072K)
 Metaspace       used 54738K, committed 55232K, reserved 1114112K
  class space    used 7319K, committed 7552K, reserved 1048576K
}
Event: 3.392 GC heap before
{Heap before GC invocations=19 (full 0):
 garbage-first heap   total 101376K, used 59592K [0x0000000080000000, 0x0000000100000000)
  region size 1024K, 8 young (8192K), 3 survivors (3072K)
 Metaspace       used 54747K, committed 55232K, reserved 1114112K
  class space    used 7321K, committed 7552K, reserved 1048576K
}
Event: 3.394 GC heap after
{Heap after GC invocations=20 (full 0):
 garbage-first heap   total 101376K, used 57309K [0x0000000080000000, 0x0000000100000000)
  region size 1024K, 3 young (3072K), 3 survivors (3072K)
 Metaspace       used 54747K, committed 55232K, reserved 1114112K
  class space    used 7321K, committed 7552K, reserved 1048576K
}
Event: 3.444 GC heap before
{Heap before GC invocations=21 (full 0):
 garbage-first heap   total 101376K, used 68573K [0x0000000080000000, 0x0000000100000000)
  region size 1024K, 15 young (15360K), 3 survivors (3072K)
 Metaspace       used 55650K, committed 56128K, reserved 1114112K
  class space    used 7432K, committed 7680K, reserved 1048576K
}

