# JRE version: OpenJDK Runtime Environment (17.0.7) (build 17.0.7+0-b2043.56-10550314)
# Java VM: OpenJDK 64-Bit Server VM (17.0.7+0-b2043.56-10550314, mixed mode, tiered, compressed oops, compressed class ptrs, g1 gc, windows-amd64)
GC Precious Log:
 CPUs: 20 total, 20 available
 Memory: 16003M
 Large Page Support: Disabled
 NUMA Support: Disabled
 Compressed Oops: Enabled (32-bit)
 Heap Region Size: 1M
 Heap Min Capacity: 8M
 Heap Initial Capacity: 252M
 Heap Max Capacity: 2G
 Pre-touch: Disabled
 Parallel Workers: 15
 Concurrent Workers: 4
 Concurrent Refinement Workers: 15
 Periodic GC: Disabled
Heap:
 garbage-first heap   total 313344K, used 172137K [0x0000000080000000, 0x0000000100000000)
  region size 1024K, 5 young (5120K), 5 survivors (5120K)
 Metaspace       used 130520K, committed 131712K, reserved 1179648K
  class space    used 18230K, committed 18816K, reserved 1048576K
GC Heap History (20 events):
Event: 80.166 GC heap after
{Heap after GC invocations=47 (full 0):
 garbage-first heap   total 286720K, used 140486K [0x0000000080000000, 0x0000000100000000)
  region size 1024K, 1 young (1024K), 1 survivors (1024K)
 Metaspace       used 118783K, committed 119744K, reserved 1179648K
  class space    used 16296K, committed 16768K, reserved 1048576K
}
Event: 80.565 GC heap before
{Heap before GC invocations=47 (full 0):
 garbage-first heap   total 286720K, used 189638K [0x0000000080000000, 0x0000000100000000)
  region size 1024K, 51 young (52224K), 1 survivors (1024K)
 Metaspace       used 125394K, committed 126400K, reserved 1179648K
  class space    used 17554K, committed 18048K, reserved 1048576K
}
Event: 80.567 GC heap after
{Heap after GC invocations=48 (full 0):
 garbage-first heap   total 286720K, used 141878K [0x0000000080000000, 0x0000000100000000)
  region size 1024K, 2 young (2048K), 2 survivors (2048K)
 Metaspace       used 125394K, committed 126400K, reserved 1179648K
  class space    used 17554K, committed 18048K, reserved 1048576K
}
Event: 168.014 GC heap before
{Heap before GC invocations=49 (full 0):
 garbage-first heap   total 286720K, used 262710K [0x0000000080000000, 0x0000000100000000)
  region size 1024K, 96 young (98304K), 2 survivors (2048K)
 Metaspace       used 126128K, committed 127104K, reserved 1179648K
  class space    used 17656K, committed 18112K, reserved 1048576K
}
Event: 168.019 GC heap after
{Heap after GC invocations=50 (full 0):
 garbage-first heap   total 286720K, used 148112K [0x0000000080000000, 0x0000000100000000)
  region size 1024K, 11 young (11264K), 11 survivors (11264K)
 Metaspace       used 126128K, committed 127104K, reserved 1179648K
  class space    used 17656K, committed 18112K, reserved 1048576K
}
Event: 168.033 GC heap before
{Heap before GC invocations=50 (full 0):
 garbage-first heap   total 286720K, used 150160K [0x0000000080000000, 0x0000000100000000)
  region size 1024K, 14 young (14336K), 11 survivors (11264K)
 Metaspace       used 126159K, committed 127232K, reserved 1179648K
  class space    used 17660K, committed 18176K, reserved 1048576K
}
Event: 168.038 GC heap after
{Heap after GC invocations=51 (full 0):
 garbage-first heap   total 286720K, used 143650K [0x0000000080000000, 0x0000000100000000)
  region size 1024K, 2 young (2048K), 2 survivors (2048K)
 Metaspace       used 126159K, committed 127232K, reserved 1179648K
  class space    used 17660K, committed 18176K, reserved 1048576K
}
Event: 168.092 GC heap before
{Heap before GC invocations=51 (full 0):
 garbage-first heap   total 286720K, used 153890K [0x0000000080000000, 0x0000000100000000)
  region size 1024K, 13 young (13312K), 2 survivors (2048K)
 Metaspace       used 126239K, committed 127296K, reserved 1179648K
  class space    used 17663K, committed 18176K, reserved 1048576K
}
Event: 168.093 GC heap after
{Heap after GC invocations=52 (full 0):
 garbage-first heap   total 286720K, used 142929K [0x0000000080000000, 0x0000000100000000)
  region size 1024K, 1 young (1024K), 1 survivors (1024K)
 Metaspace       used 126239K, committed 127296K, reserved 1179648K
  class space    used 17663K, committed 18176K, reserved 1048576K
}
Event: 508.374 GC heap before
{Heap before GC invocations=53 (full 0):
 garbage-first heap   total 288768K, used 265809K [0x0000000080000000, 0x0000000100000000)
  region size 1024K, 95 young (97280K), 1 survivors (1024K)
 Metaspace       used 126779K, committed 127744K, reserved 1179648K
  class space    used 17709K, committed 18176K, reserved 1048576K
}
Event: 508.378 GC heap after
{Heap after GC invocations=54 (full 0):
 garbage-first heap   total 288768K, used 151318K [0x0000000080000000, 0x0000000100000000)
  region size 1024K, 10 young (10240K), 10 survivors (10240K)
 Metaspace       used 126779K, committed 127744K, reserved 1179648K
  class space    used 17709K, committed 18176K, reserved 1048576K
}
Event: 508.427 GC heap before
{Heap before GC invocations=54 (full 0):
 garbage-first heap   total 288768K, used 155414K [0x0000000080000000, 0x0000000100000000)
  region size 1024K, 14 young (14336K), 10 survivors (10240K)
 Metaspace       used 126800K, committed 127808K, reserved 1179648K
  class space    used 17709K, committed 18176K, reserved 1048576K
}
Event: 508.431 GC heap after
{Heap after GC invocations=55 (full 0):
 garbage-first heap   total 288768K, used 142726K [0x0000000080000000, 0x0000000100000000)
  region size 1024K, 2 young (2048K), 2 survivors (2048K)
 Metaspace       used 126800K, committed 127808K, reserved 1179648K
  class space    used 17709K, committed 18176K, reserved 1048576K
}
Event: 508.513 GC heap before
{Heap before GC invocations=55 (full 0):
 garbage-first heap   total 288768K, used 155014K [0x0000000080000000, 0x0000000100000000)
  region size 1024K, 16 young (16384K), 2 survivors (2048K)
 Metaspace       used 126952K, committed 128000K, reserved 1179648K
  class space    used 17710K, committed 18240K, reserved 1048576K
}
Event: 508.515 GC heap after
{Heap after GC invocations=56 (full 0):
 garbage-first heap   total 288768K, used 142628K [0x0000000080000000, 0x0000000100000000)
  region size 1024K, 2 young (2048K), 2 survivors (2048K)
 Metaspace       used 126952K, committed 128000K, reserved 1179648K
  class space    used 17710K, committed 18240K, reserved 1048576K
}
Event: 1743.640 GC heap before
{Heap before GC invocations=57 (full 0):
 garbage-first heap   total 288768K, used 275748K [0x0000000080000000, 0x0000000100000000)
  region size 1024K, 85 young (87040K), 2 survivors (2048K)
 Metaspace       used 129601K, committed 130816K, reserved 1179648K
  class space    used 18112K, committed 18688K, reserved 1048576K
}
Event: 1743.644 GC heap after
{Heap after GC invocations=58 (full 0):
 garbage-first heap   total 289792K, used 174137K [0x0000000080000000, 0x0000000100000000)
  region size 1024K, 10 young (10240K), 10 survivors (10240K)
 Metaspace       used 129601K, committed 130816K, reserved 1179648K
  class space    used 18112K, committed 18688K, reserved 1048576K
}
Event: 1743.663 GC heap before
{Heap before GC invocations=58 (full 0):
 garbage-first heap   total 289792K, used 178233K [0x0000000080000000, 0x0000000100000000)
  region size 1024K, 14 young (14336K), 10 survivors (10240K)
 Metaspace       used 129602K, committed 130816K, reserved 1179648K
  class space    used 18112K, committed 18688K, reserved 1048576K
}
Event: 1743.667 GC heap after
{Heap after GC invocations=59 (full 0):
 garbage-first heap   total 289792K, used 168668K [0x0000000080000000, 0x0000000100000000)
  region size 1024K, 2 young (2048K), 2 survivors (2048K)
 Metaspace       used 129602K, committed 130816K, reserved 1179648K
  class space    used 18112K, committed 18688K, reserved 1048576K
}
Event: 1743.945 GC heap before
{Heap before GC invocations=59 (full 0):
 garbage-first heap   total 289792K, used 200412K [0x0000000080000000, 0x0000000100000000)
  region size 1024K, 34 young (34816K), 2 survivors (2048K)
 Metaspace       used 130520K, committed 131712K, reserved 1179648K
  class space    used 18230K, committed 18816K, reserved 1048576K
}

