# JRE version: OpenJDK Runtime Environment (17.0.7) (build 17.0.7+0-b2043.56-10550314)
# Java VM: OpenJDK 64-Bit Server VM (17.0.7+0-b2043.56-10550314, mixed mode, tiered, compressed oops, compressed class ptrs, g1 gc, windows-amd64)
GC Precious Log:
 CPUs: 20 total, 20 available
 Memory: 16003M
 Large Page Support: Disabled
 NUMA Support: Disabled
 Compressed Oops: Enabled (32-bit)
 Heap Region Size: 1M
 Heap Min Capacity: 8M
 Heap Initial Capacity: 252M
 Heap Max Capacity: 2G
 Pre-touch: Disabled
 Parallel Workers: 15
 Concurrent Workers: 4
 Concurrent Refinement Workers: 15
 Periodic GC: Disabled
Heap:
 garbage-first heap   total 192512K, used 139306K [0x0000000080000000, 0x0000000100000000)
  region size 1024K, 53 young (54272K), 9 survivors (9216K)
 Metaspace       used 96784K, committed 97408K, reserved 1179648K
  class space    used 13295K, committed 13568K, reserved 1048576K
GC Heap History (20 events):
Event: 3.773 GC heap before
{Heap before GC invocations=22 (full 0):
 garbage-first heap   total 125952K, used 85720K [0x0000000080000000, 0x0000000100000000)
  region size 1024K, 25 young (25600K), 1 survivors (1024K)
 Metaspace       used 58316K, committed 58880K, reserved 1114112K
  class space    used 7842K, committed 8128K, reserved 1048576K
}
Event: 3.774 GC heap after
{Heap after GC invocations=23 (full 0):
 garbage-first heap   total 125952K, used 61704K [0x0000000080000000, 0x0000000100000000)
  region size 1024K, 1 young (1024K), 1 survivors (1024K)
 Metaspace       used 58316K, committed 58880K, reserved 1114112K
  class space    used 7842K, committed 8128K, reserved 1048576K
}
Event: 3.958 GC heap before
{Heap before GC invocations=24 (full 0):
 garbage-first heap   total 125952K, used 89352K [0x0000000080000000, 0x0000000100000000)
  region size 1024K, 28 young (28672K), 1 survivors (1024K)
 Metaspace       used 61265K, committed 61760K, reserved 1114112K
  class space    used 8170K, committed 8384K, reserved 1048576K
}
Event: 3.960 GC heap after
{Heap after GC invocations=25 (full 0):
 garbage-first heap   total 125952K, used 62320K [0x0000000080000000, 0x0000000100000000)
  region size 1024K, 2 young (2048K), 2 survivors (2048K)
 Metaspace       used 61265K, committed 61760K, reserved 1114112K
  class space    used 8170K, committed 8384K, reserved 1048576K
}
Event: 4.008 GC heap before
{Heap before GC invocations=25 (full 0):
 garbage-first heap   total 125952K, used 66416K [0x0000000080000000, 0x0000000100000000)
  region size 1024K, 6 young (6144K), 2 survivors (2048K)
 Metaspace       used 61770K, committed 62336K, reserved 1114112K
  class space    used 8264K, committed 8512K, reserved 1048576K
}
Event: 4.011 GC heap after
{Heap after GC invocations=26 (full 0):
 garbage-first heap   total 125952K, used 62033K [0x0000000080000000, 0x0000000100000000)
  region size 1024K, 1 young (1024K), 1 survivors (1024K)
 Metaspace       used 61770K, committed 62336K, reserved 1114112K
  class space    used 8264K, committed 8512K, reserved 1048576K
}
Event: 4.203 GC heap before
{Heap before GC invocations=26 (full 0):
 garbage-first heap   total 125952K, used 82513K [0x0000000080000000, 0x0000000100000000)
  region size 1024K, 22 young (22528K), 1 survivors (1024K)
 Metaspace       used 65544K, committed 66176K, reserved 1114112K
  class space    used 8758K, committed 9024K, reserved 1048576K
}
Event: 4.206 GC heap after
{Heap after GC invocations=27 (full 0):
 garbage-first heap   total 192512K, used 64038K [0x0000000080000000, 0x0000000100000000)
  region size 1024K, 3 young (3072K), 3 survivors (3072K)
 Metaspace       used 65544K, committed 66176K, reserved 1114112K
  class space    used 8758K, committed 9024K, reserved 1048576K
}
Event: 4.591 GC heap before
{Heap before GC invocations=27 (full 0):
 garbage-first heap   total 192512K, used 139814K [0x0000000080000000, 0x0000000100000000)
  region size 1024K, 71 young (72704K), 3 survivors (3072K)
 Metaspace       used 70132K, committed 70720K, reserved 1114112K
  class space    used 9389K, committed 9664K, reserved 1048576K
}
Event: 4.594 GC heap after
{Heap after GC invocations=28 (full 0):
 garbage-first heap   total 192512K, used 69219K [0x0000000080000000, 0x0000000100000000)
  region size 1024K, 8 young (8192K), 8 survivors (8192K)
 Metaspace       used 70132K, committed 70720K, reserved 1114112K
  class space    used 9389K, committed 9664K, reserved 1048576K
}
Event: 4.985 GC heap before
{Heap before GC invocations=28 (full 0):
 garbage-first heap   total 192512K, used 141923K [0x0000000080000000, 0x0000000100000000)
  region size 1024K, 75 young (76800K), 8 survivors (8192K)
 Metaspace       used 76891K, committed 77504K, reserved 1179648K
  class space    used 10315K, committed 10624K, reserved 1048576K
}
Event: 4.988 GC heap after
{Heap after GC invocations=29 (full 0):
 garbage-first heap   total 192512K, used 77324K [0x0000000080000000, 0x0000000100000000)
  region size 1024K, 4 young (4096K), 4 survivors (4096K)
 Metaspace       used 76891K, committed 77504K, reserved 1179648K
  class space    used 10315K, committed 10624K, reserved 1048576K
}
Event: 5.394 GC heap before
{Heap before GC invocations=29 (full 0):
 garbage-first heap   total 192512K, used 145932K [0x0000000080000000, 0x0000000100000000)
  region size 1024K, 70 young (71680K), 4 survivors (4096K)
 Metaspace       used 80573K, committed 81216K, reserved 1179648K
  class space    used 10815K, committed 11136K, reserved 1048576K
}
Event: 5.397 GC heap after
{Heap after GC invocations=30 (full 0):
 garbage-first heap   total 192512K, used 83580K [0x0000000080000000, 0x0000000100000000)
  region size 1024K, 9 young (9216K), 9 survivors (9216K)
 Metaspace       used 80573K, committed 81216K, reserved 1179648K
  class space    used 10815K, committed 11136K, reserved 1048576K
}
Event: 5.826 GC heap before
{Heap before GC invocations=30 (full 0):
 garbage-first heap   total 192512K, used 150140K [0x0000000080000000, 0x0000000100000000)
  region size 1024K, 74 young (75776K), 9 survivors (9216K)
 Metaspace       used 85635K, committed 86272K, reserved 1179648K
  class space    used 11727K, committed 12032K, reserved 1048576K
}
Event: 5.831 GC heap after
{Heap after GC invocations=31 (full 0):
 garbage-first heap   total 192512K, used 86666K [0x0000000080000000, 0x0000000100000000)
  region size 1024K, 3 young (3072K), 3 survivors (3072K)
 Metaspace       used 85635K, committed 86272K, reserved 1179648K
  class space    used 11727K, committed 12032K, reserved 1048576K
}
Event: 6.320 GC heap before
{Heap before GC invocations=31 (full 0):
 garbage-first heap   total 192512K, used 153226K [0x0000000080000000, 0x0000000100000000)
  region size 1024K, 68 young (69632K), 3 survivors (3072K)
 Metaspace       used 90905K, committed 91584K, reserved 1179648K
  class space    used 12490K, committed 12800K, reserved 1048576K
}
Event: 6.325 GC heap after
{Heap after GC invocations=32 (full 0):
 garbage-first heap   total 192512K, used 90431K [0x0000000080000000, 0x0000000100000000)
  region size 1024K, 7 young (7168K), 7 survivors (7168K)
 Metaspace       used 90905K, committed 91584K, reserved 1179648K
  class space    used 12490K, committed 12800K, reserved 1048576K
}
Event: 6.827 GC heap before
{Heap before GC invocations=32 (full 0):
 garbage-first heap   total 192512K, used 154943K [0x0000000080000000, 0x0000000100000000)
  region size 1024K, 70 young (71680K), 7 survivors (7168K)
 Metaspace       used 96351K, committed 97024K, reserved 1179648K
  class space    used 13254K, committed 13568K, reserved 1048576K
}
Event: 6.832 GC heap after
{Heap after GC invocations=33 (full 0):
 garbage-first heap   total 192512K, used 95274K [0x0000000080000000, 0x0000000100000000)
  region size 1024K, 9 young (9216K), 9 survivors (9216K)
 Metaspace       used 96351K, committed 97024K, reserved 1179648K
  class space    used 13254K, committed 13568K, reserved 1048576K
}

