# JRE version: OpenJDK Runtime Environment (17.0.7) (build 17.0.7+0-b2043.56-10550314)
# Java VM: OpenJDK 64-Bit Server VM (17.0.7+0-b2043.56-10550314, mixed mode, tiered, compressed oops, compressed class ptrs, g1 gc, windows-amd64)
GC Precious Log:
 CPUs: 20 total, 20 available
 Memory: 16003M
 Large Page Support: Disabled
 NUMA Support: Disabled
 Compressed Oops: Enabled (32-bit)
 Heap Region Size: 1M
 Heap Min Capacity: 8M
 Heap Initial Capacity: 252M
 Heap Max Capacity: 2G
 Pre-touch: Disabled
 Parallel Workers: 15
 Concurrent Workers: 4
 Concurrent Refinement Workers: 15
 Periodic GC: Disabled
Heap:
 garbage-first heap   total 190464K, used 111839K [0x0000000080000000, 0x0000000100000000)
  region size 1024K, 6 young (6144K), 6 survivors (6144K)
 Metaspace       used 99478K, committed 100160K, reserved 1179648K
  class space    used 13894K, committed 14208K, reserved 1048576K
GC Heap History (20 events):
Event: 5.658 GC heap after
{Heap after GC invocations=38 (full 0):
 garbage-first heap   total 158720K, used 82615K [0x0000000080000000, 0x0000000100000000)
  region size 1024K, 2 young (2048K), 2 survivors (2048K)
 Metaspace       used 80234K, committed 80832K, reserved 1179648K
  class space    used 10780K, committed 11072K, reserved 1048576K
}
Event: 5.936 GC heap before
{Heap before GC invocations=39 (full 0):
 garbage-first heap   total 158720K, used 124599K [0x0000000080000000, 0x0000000100000000)
  region size 1024K, 42 young (43008K), 2 survivors (2048K)
 Metaspace       used 83443K, committed 84096K, reserved 1179648K
  class space    used 11405K, committed 11712K, reserved 1048576K
}
Event: 5.937 GC heap after
{Heap after GC invocations=40 (full 0):
 garbage-first heap   total 158720K, used 83473K [0x0000000080000000, 0x0000000100000000)
  region size 1024K, 2 young (2048K), 2 survivors (2048K)
 Metaspace       used 83443K, committed 84096K, reserved 1179648K
  class space    used 11405K, committed 11712K, reserved 1048576K
}
Event: 5.968 GC heap before
{Heap before GC invocations=40 (full 0):
 garbage-first heap   total 158720K, used 87569K [0x0000000080000000, 0x0000000100000000)
  region size 1024K, 7 young (7168K), 2 survivors (2048K)
 Metaspace       used 83856K, committed 84480K, reserved 1179648K
  class space    used 11483K, committed 11776K, reserved 1048576K
}
Event: 5.969 GC heap after
{Heap after GC invocations=41 (full 0):
 garbage-first heap   total 158720K, used 83639K [0x0000000080000000, 0x0000000100000000)
  region size 1024K, 1 young (1024K), 1 survivors (1024K)
 Metaspace       used 83856K, committed 84480K, reserved 1179648K
  class space    used 11483K, committed 11776K, reserved 1048576K
}
Event: 6.247 GC heap before
{Heap before GC invocations=41 (full 0):
 garbage-first heap   total 158720K, used 126647K [0x0000000080000000, 0x0000000100000000)
  region size 1024K, 43 young (44032K), 1 survivors (1024K)
 Metaspace       used 86837K, committed 87488K, reserved 1179648K
  class space    used 11904K, committed 12224K, reserved 1048576K
}
Event: 6.249 GC heap after
{Heap after GC invocations=42 (full 0):
 garbage-first heap   total 190464K, used 86075K [0x0000000080000000, 0x0000000100000000)
  region size 1024K, 3 young (3072K), 3 survivors (3072K)
 Metaspace       used 86837K, committed 87488K, reserved 1179648K
  class space    used 11904K, committed 12224K, reserved 1048576K
}
Event: 6.771 GC heap before
{Heap before GC invocations=43 (full 0):
 garbage-first heap   total 190464K, used 151611K [0x0000000080000000, 0x0000000100000000)
  region size 1024K, 67 young (68608K), 3 survivors (3072K)
 Metaspace       used 92340K, committed 92992K, reserved 1179648K
  class space    used 12763K, committed 13056K, reserved 1048576K
}
Event: 6.774 GC heap after
{Heap after GC invocations=44 (full 0):
 garbage-first heap   total 190464K, used 89776K [0x0000000080000000, 0x0000000100000000)
  region size 1024K, 7 young (7168K), 7 survivors (7168K)
 Metaspace       used 92340K, committed 92992K, reserved 1179648K
  class space    used 12763K, committed 13056K, reserved 1048576K
}
Event: 6.793 GC heap before
{Heap before GC invocations=44 (full 0):
 garbage-first heap   total 190464K, used 91824K [0x0000000080000000, 0x0000000100000000)
  region size 1024K, 9 young (9216K), 7 survivors (7168K)
 Metaspace       used 92545K, committed 93120K, reserved 1179648K
  class space    used 12788K, committed 13056K, reserved 1048576K
}
Event: 6.795 GC heap after
{Heap after GC invocations=45 (full 0):
 garbage-first heap   total 190464K, used 89981K [0x0000000080000000, 0x0000000100000000)
  region size 1024K, 1 young (1024K), 1 survivors (1024K)
 Metaspace       used 92545K, committed 93120K, reserved 1179648K
  class space    used 12788K, committed 13056K, reserved 1048576K
}
Event: 7.239 GC heap before
{Heap before GC invocations=45 (full 0):
 garbage-first heap   total 190464K, used 153469K [0x0000000080000000, 0x0000000100000000)
  region size 1024K, 63 young (64512K), 1 survivors (1024K)
 Metaspace       used 96466K, committed 97152K, reserved 1179648K
  class space    used 13280K, committed 13632K, reserved 1048576K
}
Event: 7.242 GC heap after
{Heap after GC invocations=46 (full 0):
 garbage-first heap   total 190464K, used 95564K [0x0000000080000000, 0x0000000100000000)
  region size 1024K, 7 young (7168K), 7 survivors (7168K)
 Metaspace       used 96466K, committed 97152K, reserved 1179648K
  class space    used 13280K, committed 13632K, reserved 1048576K
}
Event: 7.817 GC heap before
{Heap before GC invocations=47 (full 0):
 garbage-first heap   total 190464K, used 152908K [0x0000000080000000, 0x0000000100000000)
  region size 1024K, 63 young (64512K), 7 survivors (7168K)
 Metaspace       used 98326K, committed 99008K, reserved 1179648K
  class space    used 13649K, committed 13952K, reserved 1048576K
}
Event: 7.821 GC heap after
{Heap after GC invocations=48 (full 0):
 garbage-first heap   total 190464K, used 102959K [0x0000000080000000, 0x0000000100000000)
  region size 1024K, 8 young (8192K), 8 survivors (8192K)
 Metaspace       used 98326K, committed 99008K, reserved 1179648K
  class space    used 13649K, committed 13952K, reserved 1048576K
}
Event: 7.826 GC heap before
{Heap before GC invocations=48 (full 0):
 garbage-first heap   total 190464K, used 103983K [0x0000000080000000, 0x0000000100000000)
  region size 1024K, 9 young (9216K), 8 survivors (8192K)
 Metaspace       used 98436K, committed 99136K, reserved 1179648K
  class space    used 13692K, committed 14016K, reserved 1048576K
}
Event: 7.829 GC heap after
{Heap after GC invocations=49 (full 0):
 garbage-first heap   total 190464K, used 103933K [0x0000000080000000, 0x0000000100000000)
  region size 1024K, 2 young (2048K), 2 survivors (2048K)
 Metaspace       used 98436K, committed 99136K, reserved 1179648K
  class space    used 13692K, committed 14016K, reserved 1048576K
}
Event: 7.950 GC heap before
{Heap before GC invocations=49 (full 0):
 garbage-first heap   total 190464K, used 153085K [0x0000000080000000, 0x0000000100000000)
  region size 1024K, 51 young (52224K), 2 survivors (2048K)
 Metaspace       used 98999K, committed 99712K, reserved 1179648K
  class space    used 13850K, committed 14208K, reserved 1048576K
}
Event: 7.953 GC heap after
{Heap after GC invocations=50 (full 0):
 garbage-first heap   total 190464K, used 108366K [0x0000000080000000, 0x0000000100000000)
  region size 1024K, 6 young (6144K), 6 survivors (6144K)
 Metaspace       used 98999K, committed 99712K, reserved 1179648K
  class space    used 13850K, committed 14208K, reserved 1048576K
}
Event: 8.228 GC heap before
{Heap before GC invocations=50 (full 0):
 garbage-first heap   total 190464K, used 154446K [0x0000000080000000, 0x0000000100000000)
  region size 1024K, 52 young (53248K), 6 survivors (6144K)
 Metaspace       used 99478K, committed 100160K, reserved 1179648K
  class space    used 13894K, committed 14208K, reserved 1048576K
}

