# JRE version: OpenJDK Runtime Environment (17.0.7) (build 17.0.7+0-b2043.56-10550314)
# Java VM: OpenJDK 64-Bit Server VM (17.0.7+0-b2043.56-10550314, mixed mode, tiered, compressed oops, compressed class ptrs, g1 gc, windows-amd64)
GC Precious Log:
 CPUs: 20 total, 20 available
 Memory: 16003M
 Large Page Support: Disabled
 NUMA Support: Disabled
 Compressed Oops: Enabled (32-bit)
 Heap Region Size: 1M
 Heap Min Capacity: 8M
 Heap Initial Capacity: 252M
 Heap Max Capacity: 2G
 Pre-touch: Disabled
 Parallel Workers: 15
 Concurrent Workers: 4
 Concurrent Refinement Workers: 15
 Periodic GC: Disabled
Heap:
 garbage-first heap   total 134144K, used 75802K [0x0000000080000000, 0x0000000100000000)
  region size 1024K, 5 young (5120K), 5 survivors (5120K)
 Metaspace       used 74833K, committed 75392K, reserved 1114112K
  class space    used 10039K, committed 10304K, reserved 1048576K
GC Heap History (20 events):
Event: 3.381 GC heap after
{Heap after GC invocations=17 (full 0):
 garbage-first heap   total 100352K, used 57392K [0x0000000080000000, 0x0000000100000000)
  region size 1024K, 4 young (4096K), 4 survivors (4096K)
 Metaspace       used 54744K, committed 55296K, reserved 1114112K
  class space    used 7335K, committed 7616K, reserved 1048576K
}
Event: 3.439 GC heap before
{Heap before GC invocations=18 (full 0):
 garbage-first heap   total 104448K, used 68656K [0x0000000080000000, 0x0000000100000000)
  region size 1024K, 16 young (16384K), 4 survivors (4096K)
 Metaspace       used 55629K, committed 56128K, reserved 1114112K
  class space    used 7443K, committed 7680K, reserved 1048576K
}
Event: 3.441 GC heap after
{Heap after GC invocations=19 (full 0):
 garbage-first heap   total 104448K, used 59424K [0x0000000080000000, 0x0000000100000000)
  region size 1024K, 2 young (2048K), 2 survivors (2048K)
 Metaspace       used 55629K, committed 56128K, reserved 1114112K
  class space    used 7443K, committed 7680K, reserved 1048576K
}
Event: 3.566 GC heap before
{Heap before GC invocations=20 (full 0):
 garbage-first heap   total 107520K, used 75808K [0x0000000080000000, 0x0000000100000000)
  region size 1024K, 17 young (17408K), 2 survivors (2048K)
 Metaspace       used 56931K, committed 57536K, reserved 1114112K
  class space    used 7652K, committed 7936K, reserved 1048576K
}
Event: 3.567 GC heap after
{Heap after GC invocations=21 (full 0):
 garbage-first heap   total 107520K, used 60962K [0x0000000080000000, 0x0000000100000000)
  region size 1024K, 2 young (2048K), 2 survivors (2048K)
 Metaspace       used 56931K, committed 57536K, reserved 1114112K
  class space    used 7652K, committed 7936K, reserved 1048576K
}
Event: 3.681 GC heap before
{Heap before GC invocations=21 (full 0):
 garbage-first heap   total 107520K, used 78370K [0x0000000080000000, 0x0000000100000000)
  region size 1024K, 20 young (20480K), 2 survivors (2048K)
 Metaspace       used 58675K, committed 59264K, reserved 1114112K
  class space    used 7891K, committed 8192K, reserved 1048576K
}
Event: 3.683 GC heap after
{Heap after GC invocations=22 (full 0):
 garbage-first heap   total 107520K, used 61859K [0x0000000080000000, 0x0000000100000000)
  region size 1024K, 2 young (2048K), 2 survivors (2048K)
 Metaspace       used 58675K, committed 59264K, reserved 1114112K
  class space    used 7891K, committed 8192K, reserved 1048576K
}
Event: 3.791 GC heap before
{Heap before GC invocations=23 (full 0):
 garbage-first heap   total 111616K, used 80291K [0x0000000080000000, 0x0000000100000000)
  region size 1024K, 21 young (21504K), 2 survivors (2048K)
 Metaspace       used 61026K, committed 61568K, reserved 1114112K
  class space    used 8148K, committed 8384K, reserved 1048576K
}
Event: 3.793 GC heap after
{Heap after GC invocations=24 (full 0):
 garbage-first heap   total 111616K, used 61974K [0x0000000080000000, 0x0000000100000000)
  region size 1024K, 2 young (2048K), 2 survivors (2048K)
 Metaspace       used 61026K, committed 61568K, reserved 1114112K
  class space    used 8148K, committed 8384K, reserved 1048576K
}
Event: 4.013 GC heap before
{Heap before GC invocations=24 (full 0):
 garbage-first heap   total 111616K, used 85526K [0x0000000080000000, 0x0000000100000000)
  region size 1024K, 25 young (25600K), 2 survivors (2048K)
 Metaspace       used 64216K, committed 64832K, reserved 1114112K
  class space    used 8615K, committed 8896K, reserved 1048576K
}
Event: 4.015 GC heap after
{Heap after GC invocations=25 (full 0):
 garbage-first heap   total 134144K, used 63408K [0x0000000080000000, 0x0000000100000000)
  region size 1024K, 3 young (3072K), 3 survivors (3072K)
 Metaspace       used 64216K, committed 64832K, reserved 1114112K
  class space    used 8615K, committed 8896K, reserved 1048576K
}
Event: 4.223 GC heap before
{Heap before GC invocations=26 (full 0):
 garbage-first heap   total 134144K, used 107440K [0x0000000080000000, 0x0000000100000000)
  region size 1024K, 40 young (40960K), 3 survivors (3072K)
 Metaspace       used 67279K, committed 67904K, reserved 1114112K
  class space    used 8998K, committed 9280K, reserved 1048576K
}
Event: 4.226 GC heap after
{Heap after GC invocations=27 (full 0):
 garbage-first heap   total 134144K, used 67435K [0x0000000080000000, 0x0000000100000000)
  region size 1024K, 5 young (5120K), 5 survivors (5120K)
 Metaspace       used 67279K, committed 67904K, reserved 1114112K
  class space    used 8998K, committed 9280K, reserved 1048576K
}
Event: 4.230 GC heap before
{Heap before GC invocations=27 (full 0):
 garbage-first heap   total 134144K, used 67435K [0x0000000080000000, 0x0000000100000000)
  region size 1024K, 6 young (6144K), 5 survivors (5120K)
 Metaspace       used 67311K, committed 67904K, reserved 1114112K
  class space    used 9001K, committed 9280K, reserved 1048576K
}
Event: 4.233 GC heap after
{Heap after GC invocations=28 (full 0):
 garbage-first heap   total 134144K, used 68024K [0x0000000080000000, 0x0000000100000000)
  region size 1024K, 1 young (1024K), 1 survivors (1024K)
 Metaspace       used 67311K, committed 67904K, reserved 1114112K
  class space    used 9001K, committed 9280K, reserved 1048576K
}
Event: 4.428 GC heap before
{Heap before GC invocations=28 (full 0):
 garbage-first heap   total 134144K, used 102840K [0x0000000080000000, 0x0000000100000000)
  region size 1024K, 35 young (35840K), 1 survivors (1024K)
 Metaspace       used 69983K, committed 70592K, reserved 1114112K
  class space    used 9372K, committed 9664K, reserved 1048576K
}
Event: 4.430 GC heap after
{Heap after GC invocations=29 (full 0):
 garbage-first heap   total 134144K, used 69227K [0x0000000080000000, 0x0000000100000000)
  region size 1024K, 2 young (2048K), 2 survivors (2048K)
 Metaspace       used 69983K, committed 70592K, reserved 1114112K
  class space    used 9372K, committed 9664K, reserved 1048576K
}
Event: 4.491 GC heap before
{Heap before GC invocations=30 (full 0):
 garbage-first heap   total 134144K, used 77419K [0x0000000080000000, 0x0000000100000000)
  region size 1024K, 11 young (11264K), 2 survivors (2048K)
 Metaspace       used 70837K, committed 71424K, reserved 1114112K
  class space    used 9499K, committed 9792K, reserved 1048576K
}
Event: 4.493 GC heap after
{Heap after GC invocations=31 (full 0):
 garbage-first heap   total 134144K, used 69604K [0x0000000080000000, 0x0000000100000000)
  region size 1024K, 3 young (3072K), 3 survivors (3072K)
 Metaspace       used 70837K, committed 71424K, reserved 1114112K
  class space    used 9499K, committed 9792K, reserved 1048576K
}
Event: 4.711 GC heap before
{Heap before GC invocations=32 (full 0):
 garbage-first heap   total 134144K, used 110564K [0x0000000080000000, 0x0000000100000000)
  region size 1024K, 39 young (39936K), 3 survivors (3072K)
 Metaspace       used 74833K, committed 75392K, reserved 1114112K
  class space    used 10039K, committed 10304K, reserved 1048576K
}

