# JRE version: OpenJDK Runtime Environment (17.0.7) (build 17.0.7+0-b2043.56-10550314)
# Java VM: OpenJDK 64-Bit Server VM (17.0.7+0-b2043.56-10550314, mixed mode, tiered, compressed oops, compressed class ptrs, g1 gc, windows-amd64)
GC Precious Log:
 CPUs: 20 total, 20 available
 Memory: 16003M
 Large Page Support: Disabled
 NUMA Support: Disabled
 Compressed Oops: Enabled (32-bit)
 Heap Region Size: 1M
 Heap Min Capacity: 8M
 Heap Initial Capacity: 252M
 Heap Max Capacity: 2G
 Pre-touch: Disabled
 Parallel Workers: 15
 Concurrent Workers: 4
 Concurrent Refinement Workers: 15
 Periodic GC: Disabled
Heap:
 garbage-first heap   total 115712K, used 66549K [0x0000000080000000, 0x0000000100000000)
  region size 1024K, 1 young (1024K), 1 survivors (1024K)
 Metaspace       used 66552K, committed 67136K, reserved 1114112K
  class space    used 8891K, committed 9152K, reserved 1048576K
GC Heap History (20 events):
Event: 3.180 GC heap after
{Heap after GC invocations=14 (full 0):
 garbage-first heap   total 86016K, used 38190K [0x0000000080000000, 0x0000000100000000)
  region size 1024K, 5 young (5120K), 5 survivors (5120K)
 Metaspace       used 54214K, committed 54720K, reserved 1114112K
  class space    used 7275K, committed 7488K, reserved 1048576K
}
Event: 3.302 GC heap before
{Heap before GC invocations=14 (full 0):
 garbage-first heap   total 86016K, used 58670K [0x0000000080000000, 0x0000000100000000)
  region size 1024K, 23 young (23552K), 5 survivors (5120K)
 Metaspace       used 54623K, committed 55168K, reserved 1114112K
  class space    used 7315K, committed 7616K, reserved 1048576K
}
Event: 3.304 GC heap after
{Heap after GC invocations=15 (full 0):
 garbage-first heap   total 86016K, used 45702K [0x0000000080000000, 0x0000000100000000)
  region size 1024K, 4 young (4096K), 4 survivors (4096K)
 Metaspace       used 54623K, committed 55168K, reserved 1114112K
  class space    used 7315K, committed 7616K, reserved 1048576K
}
Event: 3.327 GC heap before
{Heap before GC invocations=16 (full 0):
 garbage-first heap   total 86016K, used 50822K [0x0000000080000000, 0x0000000100000000)
  region size 1024K, 8 young (8192K), 4 survivors (4096K)
 Metaspace       used 54708K, committed 55296K, reserved 1114112K
  class space    used 7323K, committed 7616K, reserved 1048576K
}
Event: 3.328 GC heap after
{Heap after GC invocations=17 (full 0):
 garbage-first heap   total 86016K, used 50832K [0x0000000080000000, 0x0000000100000000)
  region size 1024K, 3 young (3072K), 3 survivors (3072K)
 Metaspace       used 54708K, committed 55296K, reserved 1114112K
  class space    used 7323K, committed 7616K, reserved 1048576K
}
Event: 3.400 GC heap before
{Heap before GC invocations=18 (full 0):
 garbage-first heap   total 96256K, used 72336K [0x0000000080000000, 0x0000000100000000)
  region size 1024K, 19 young (19456K), 3 survivors (3072K)
 Metaspace       used 55617K, committed 56128K, reserved 1114112K
  class space    used 7435K, committed 7680K, reserved 1048576K
}
Event: 3.401 GC heap after
{Heap after GC invocations=19 (full 0):
 garbage-first heap   total 96256K, used 59936K [0x0000000080000000, 0x0000000100000000)
  region size 1024K, 3 young (3072K), 3 survivors (3072K)
 Metaspace       used 55617K, committed 56128K, reserved 1114112K
  class space    used 7435K, committed 7680K, reserved 1048576K
}
Event: 3.406 GC heap before
{Heap before GC invocations=19 (full 0):
 garbage-first heap   total 96256K, used 61984K [0x0000000080000000, 0x0000000100000000)
  region size 1024K, 4 young (4096K), 3 survivors (3072K)
 Metaspace       used 55688K, committed 56256K, reserved 1114112K
  class space    used 7445K, committed 7744K, reserved 1048576K
}
Event: 3.407 GC heap after
{Heap after GC invocations=20 (full 0):
 garbage-first heap   total 115712K, used 61026K [0x0000000080000000, 0x0000000100000000)
  region size 1024K, 1 young (1024K), 1 survivors (1024K)
 Metaspace       used 55688K, committed 56256K, reserved 1114112K
  class space    used 7445K, committed 7744K, reserved 1048576K
}
Event: 3.552 GC heap before
{Heap before GC invocations=20 (full 0):
 garbage-first heap   total 115712K, used 83554K [0x0000000080000000, 0x0000000100000000)
  region size 1024K, 23 young (23552K), 1 survivors (1024K)
 Metaspace       used 57686K, committed 58240K, reserved 1114112K
  class space    used 7746K, committed 8000K, reserved 1048576K
}
Event: 3.553 GC heap after
{Heap after GC invocations=21 (full 0):
 garbage-first heap   total 115712K, used 61699K [0x0000000080000000, 0x0000000100000000)
  region size 1024K, 1 young (1024K), 1 survivors (1024K)
 Metaspace       used 57686K, committed 58240K, reserved 1114112K
  class space    used 7746K, committed 8000K, reserved 1048576K
}
Event: 3.696 GC heap before
{Heap before GC invocations=22 (full 0):
 garbage-first heap   total 115712K, used 85251K [0x0000000080000000, 0x0000000100000000)
  region size 1024K, 25 young (25600K), 1 survivors (1024K)
 Metaspace       used 60504K, committed 61056K, reserved 1114112K
  class space    used 8076K, committed 8320K, reserved 1048576K
}
Event: 3.698 GC heap after
{Heap after GC invocations=23 (full 0):
 garbage-first heap   total 115712K, used 62260K [0x0000000080000000, 0x0000000100000000)
  region size 1024K, 2 young (2048K), 2 survivors (2048K)
 Metaspace       used 60504K, committed 61056K, reserved 1114112K
  class space    used 8076K, committed 8320K, reserved 1048576K
}
Event: 3.728 GC heap before
{Heap before GC invocations=23 (full 0):
 garbage-first heap   total 115712K, used 65332K [0x0000000080000000, 0x0000000100000000)
  region size 1024K, 5 young (5120K), 2 survivors (2048K)
 Metaspace       used 60829K, committed 61376K, reserved 1114112K
  class space    used 8118K, committed 8384K, reserved 1048576K
}
Event: 3.730 GC heap after
{Heap after GC invocations=24 (full 0):
 garbage-first heap   total 115712K, used 61786K [0x0000000080000000, 0x0000000100000000)
  region size 1024K, 1 young (1024K), 1 survivors (1024K)
 Metaspace       used 60829K, committed 61376K, reserved 1114112K
  class space    used 8118K, committed 8384K, reserved 1048576K
}
Event: 3.970 GC heap before
{Heap before GC invocations=24 (full 0):
 garbage-first heap   total 115712K, used 87386K [0x0000000080000000, 0x0000000100000000)
  region size 1024K, 27 young (27648K), 1 survivors (1024K)
 Metaspace       used 64721K, committed 65280K, reserved 1114112K
  class space    used 8652K, committed 8896K, reserved 1048576K
}
Event: 3.972 GC heap after
{Heap after GC invocations=25 (full 0):
 garbage-first heap   total 115712K, used 63686K [0x0000000080000000, 0x0000000100000000)
  region size 1024K, 2 young (2048K), 2 survivors (2048K)
 Metaspace       used 64721K, committed 65280K, reserved 1114112K
  class space    used 8652K, committed 8896K, reserved 1048576K
}
Event: 4.098 GC heap before
{Heap before GC invocations=26 (full 0):
 garbage-first heap   total 115712K, used 96454K [0x0000000080000000, 0x0000000100000000)
  region size 1024K, 28 young (28672K), 2 survivors (2048K)
 Metaspace       used 66416K, committed 67008K, reserved 1114112K
  class space    used 8880K, committed 9152K, reserved 1048576K
}
Event: 4.100 GC heap after
{Heap after GC invocations=27 (full 0):
 garbage-first heap   total 115712K, used 66631K [0x0000000080000000, 0x0000000100000000)
  region size 1024K, 4 young (4096K), 4 survivors (4096K)
 Metaspace       used 66416K, committed 67008K, reserved 1114112K
  class space    used 8880K, committed 9152K, reserved 1048576K
}
Event: 4.109 GC heap before
{Heap before GC invocations=27 (full 0):
 garbage-first heap   total 115712K, used 67655K [0x0000000080000000, 0x0000000100000000)
  region size 1024K, 5 young (5120K), 4 survivors (4096K)
 Metaspace       used 66552K, committed 67136K, reserved 1114112K
  class space    used 8891K, committed 9152K, reserved 1048576K
}

